<?xml version="1.0" encoding="UTF-8"?>
<testsuites>
  <testsuite name="/home/roshdy/Work/projects/DEVFLOW_PRO/phpunit.xml" tests="101" assertions="0" errors="101" failures="0" skipped="0" time="0.000000">
    <testsuite name="Feature" tests="101" assertions="0" errors="101" failures="0" skipped="0" time="0.000000">
      <testsuite name="Tests\Feature\DeploymentTest" file="/home/roshdy/Work/projects/DEVFLOW_PRO/tests/Feature/DeploymentTest.php" tests="10" assertions="0" errors="10" failures="0" skipped="0" time="0.000000">
        <testcase name="deployment_creates_correct_database_record" file="/home/roshdy/Work/projects/DEVFLOW_PRO/tests/Feature/DeploymentTest.php" line="37" class="Tests\Feature\DeploymentTest" classname="Tests.Feature.DeploymentTest" assertions="0" time="0.000000">
          <error type="Illuminate\Database\QueryException">Tests\Feature\DeploymentTest::deployment_creates_correct_database_record
Illuminate\Database\QueryException: SQLSTATE[42S02]: Base table or view not found: 1146 Table 'devflow_pro_test.servers' doesn't exist (Connection: mysql, SQL: alter table `servers` add index `servers_user_id_status_index`(`user_id`, `status`))

/home/roshdy/Work/projects/DEVFLOW_PRO/vendor/laravel/framework/src/Illuminate/Database/Connection.php:824
/home/roshdy/Work/projects/DEVFLOW_PRO/vendor/laravel/framework/src/Illuminate/Database/Connection.php:778
/home/roshdy/Work/projects/DEVFLOW_PRO/vendor/laravel/framework/src/Illuminate/Database/Connection.php:559
/home/roshdy/Work/projects/DEVFLOW_PRO/vendor/laravel/framework/src/Illuminate/Database/Schema/Blueprint.php:121
/home/roshdy/Work/projects/DEVFLOW_PRO/vendor/laravel/framework/src/Illuminate/Database/Schema/Builder.php:618
/home/roshdy/Work/projects/DEVFLOW_PRO/vendor/laravel/framework/src/Illuminate/Database/Schema/Builder.php:472
/home/roshdy/Work/projects/DEVFLOW_PRO/vendor/laravel/framework/src/Illuminate/Support/Facades/Facade.php:363
/home/roshdy/Work/projects/DEVFLOW_PRO/database/migrations/2024_01_02_000001_create_servers_table.php:11
/home/roshdy/Work/projects/DEVFLOW_PRO/vendor/laravel/framework/src/Illuminate/Database/Migrations/Migrator.php:514
/home/roshdy/Work/projects/DEVFLOW_PRO/vendor/laravel/framework/src/Illuminate/Database/Migrations/Migrator.php:439
/home/roshdy/Work/projects/DEVFLOW_PRO/vendor/laravel/framework/src/Illuminate/Database/Migrations/Migrator.php:448
/home/roshdy/Work/projects/DEVFLOW_PRO/vendor/laravel/framework/src/Illuminate/Database/Migrations/Migrator.php:250
/home/roshdy/Work/projects/DEVFLOW_PRO/vendor/laravel/framework/src/Illuminate/Console/View/Components/Task.php:41
/home/roshdy/Work/projects/DEVFLOW_PRO/vendor/laravel/framework/src/Illuminate/Database/Migrations/Migrator.php:809
/home/roshdy/Work/projects/DEVFLOW_PRO/vendor/laravel/framework/src/Illuminate/Database/Migrations/Migrator.php:250
/home/roshdy/Work/projects/DEVFLOW_PRO/vendor/laravel/framework/src/Illuminate/Database/Migrations/Migrator.php:210
/home/roshdy/Work/projects/DEVFLOW_PRO/vendor/laravel/framework/src/Illuminate/Database/Migrations/Migrator.php:137
/home/roshdy/Work/projects/DEVFLOW_PRO/vendor/laravel/framework/src/Illuminate/Database/Console/Migrations/MigrateCommand.php:116
/home/roshdy/Work/projects/DEVFLOW_PRO/vendor/laravel/framework/src/Illuminate/Database/Migrations/Migrator.php:666
/home/roshdy/Work/projects/DEVFLOW_PRO/vendor/laravel/framework/src/Illuminate/Database/Console/Migrations/MigrateCommand.php:109
/home/roshdy/Work/projects/DEVFLOW_PRO/vendor/laravel/framework/src/Illuminate/Database/Console/Migrations/MigrateCommand.php:88
/home/roshdy/Work/projects/DEVFLOW_PRO/vendor/laravel/framework/src/Illuminate/Container/BoundMethod.php:36
/home/roshdy/Work/projects/DEVFLOW_PRO/vendor/laravel/framework/src/Illuminate/Container/Util.php:43
/home/roshdy/Work/projects/DEVFLOW_PRO/vendor/laravel/framework/src/Illuminate/Container/BoundMethod.php:96
/home/roshdy/Work/projects/DEVFLOW_PRO/vendor/laravel/framework/src/Illuminate/Container/BoundMethod.php:35
/home/roshdy/Work/projects/DEVFLOW_PRO/vendor/laravel/framework/src/Illuminate/Container/Container.php:836
/home/roshdy/Work/projects/DEVFLOW_PRO/vendor/laravel/framework/src/Illuminate/Console/Command.php:211
/home/roshdy/Work/projects/DEVFLOW_PRO/vendor/symfony/console/Command/Command.php:318
/home/roshdy/Work/projects/DEVFLOW_PRO/vendor/laravel/framework/src/Illuminate/Console/Command.php:180
/home/roshdy/Work/projects/DEVFLOW_PRO/vendor/laravel/framework/src/Illuminate/Console/Concerns/CallsCommands.php:68
/home/roshdy/Work/projects/DEVFLOW_PRO/vendor/laravel/framework/src/Illuminate/Console/Concerns/CallsCommands.php:29
/home/roshdy/Work/projects/DEVFLOW_PRO/vendor/laravel/framework/src/Illuminate/Database/Console/Migrations/FreshCommand.php:81
/home/roshdy/Work/projects/DEVFLOW_PRO/vendor/laravel/framework/src/Illuminate/Container/BoundMethod.php:36
/home/roshdy/Work/projects/DEVFLOW_PRO/vendor/laravel/framework/src/Illuminate/Container/Util.php:43
/home/roshdy/Work/projects/DEVFLOW_PRO/vendor/laravel/framework/src/Illuminate/Container/BoundMethod.php:96
/home/roshdy/Work/projects/DEVFLOW_PRO/vendor/laravel/framework/src/Illuminate/Container/BoundMethod.php:35
/home/roshdy/Work/projects/DEVFLOW_PRO/vendor/laravel/framework/src/Illuminate/Container/Container.php:836
/home/roshdy/Work/projects/DEVFLOW_PRO/vendor/laravel/framework/src/Illuminate/Console/Command.php:211
/home/roshdy/Work/projects/DEVFLOW_PRO/vendor/symfony/console/Command/Command.php:318
/home/roshdy/Work/projects/DEVFLOW_PRO/vendor/laravel/framework/src/Illuminate/Console/Command.php:180
/home/roshdy/Work/projects/DEVFLOW_PRO/vendor/symfony/console/Application.php:1055
/home/roshdy/Work/projects/DEVFLOW_PRO/vendor/symfony/console/Application.php:356
/home/roshdy/Work/projects/DEVFLOW_PRO/vendor/symfony/console/Application.php:195
/home/roshdy/Work/projects/DEVFLOW_PRO/vendor/laravel/framework/src/Illuminate/Console/Application.php:165
/home/roshdy/Work/projects/DEVFLOW_PRO/vendor/laravel/framework/src/Illuminate/Foundation/Console/Kernel.php:426
/home/roshdy/Work/projects/DEVFLOW_PRO/vendor/laravel/framework/src/Illuminate/Testing/PendingCommand.php:451
/home/roshdy/Work/projects/DEVFLOW_PRO/vendor/laravel/framework/src/Illuminate/Testing/PendingCommand.php:675
/home/roshdy/Work/projects/DEVFLOW_PRO/vendor/laravel/framework/src/Illuminate/Foundation/Testing/Concerns/InteractsWithConsole.php:87
/home/roshdy/Work/projects/DEVFLOW_PRO/vendor/laravel/framework/src/Illuminate/Foundation/Testing/RefreshDatabase.php:101
/home/roshdy/Work/projects/DEVFLOW_PRO/vendor/laravel/framework/src/Illuminate/Foundation/Testing/RefreshDatabase.php:84
/home/roshdy/Work/projects/DEVFLOW_PRO/vendor/laravel/framework/src/Illuminate/Foundation/Testing/RefreshDatabase.php:25
/home/roshdy/Work/projects/DEVFLOW_PRO/vendor/laravel/framework/src/Illuminate/Foundation/Testing/Concerns/InteractsWithTestCaseLifecycle.php:209
/home/roshdy/Work/projects/DEVFLOW_PRO/vendor/laravel/framework/src/Illuminate/Foundation/Testing/Concerns/InteractsWithTestCaseLifecycle.php:97
/home/roshdy/Work/projects/DEVFLOW_PRO/vendor/laravel/framework/src/Illuminate/Foundation/Testing/TestCase.php:44
/home/roshdy/Work/projects/DEVFLOW_PRO/tests/TestCase.php:18
/home/roshdy/Work/projects/DEVFLOW_PRO/tests/Feature/DeploymentTest.php:26</error>
        </testcase>
        <testcase name="deployment_broadcasts_status_updates" file="/home/roshdy/Work/projects/DEVFLOW_PRO/tests/Feature/DeploymentTest.php" line="64" class="Tests\Feature\DeploymentTest" classname="Tests.Feature.DeploymentTest" assertions="0" time="0.000000">
          <error type="Illuminate\Database\QueryException">Tests\Feature\DeploymentTest::deployment_broadcasts_status_updates
Illuminate\Database\QueryException: SQLSTATE[42S01]: Base table or view already exists: 1050 Table 'migrations' already exists (Connection: mysql, SQL: create table `migrations` (`id` int unsigned not null auto_increment primary key, `migration` varchar(191) not null, `batch` int not null) default character set utf8mb4 collate 'utf8mb4_unicode_ci')

/home/roshdy/Work/projects/DEVFLOW_PRO/vendor/laravel/framework/src/Illuminate/Database/Connection.php:824
/home/roshdy/Work/projects/DEVFLOW_PRO/vendor/laravel/framework/src/Illuminate/Database/Connection.php:778
/home/roshdy/Work/projects/DEVFLOW_PRO/vendor/laravel/framework/src/Illuminate/Database/Connection.php:559
/home/roshdy/Work/projects/DEVFLOW_PRO/vendor/laravel/framework/src/Illuminate/Database/Schema/Blueprint.php:121
/home/roshdy/Work/projects/DEVFLOW_PRO/vendor/laravel/framework/src/Illuminate/Database/Schema/Builder.php:618
/home/roshdy/Work/projects/DEVFLOW_PRO/vendor/laravel/framework/src/Illuminate/Database/Schema/Builder.php:472
/home/roshdy/Work/projects/DEVFLOW_PRO/vendor/laravel/framework/src/Illuminate/Database/Migrations/DatabaseMigrationRepository.php:166
/home/roshdy/Work/projects/DEVFLOW_PRO/vendor/laravel/framework/src/Illuminate/Database/Console/Migrations/InstallCommand.php:56
/home/roshdy/Work/projects/DEVFLOW_PRO/vendor/laravel/framework/src/Illuminate/Container/BoundMethod.php:36
/home/roshdy/Work/projects/DEVFLOW_PRO/vendor/laravel/framework/src/Illuminate/Container/Util.php:43
/home/roshdy/Work/projects/DEVFLOW_PRO/vendor/laravel/framework/src/Illuminate/Container/BoundMethod.php:96
/home/roshdy/Work/projects/DEVFLOW_PRO/vendor/laravel/framework/src/Illuminate/Container/BoundMethod.php:35
/home/roshdy/Work/projects/DEVFLOW_PRO/vendor/laravel/framework/src/Illuminate/Container/Container.php:836
/home/roshdy/Work/projects/DEVFLOW_PRO/vendor/laravel/framework/src/Illuminate/Console/Command.php:211
/home/roshdy/Work/projects/DEVFLOW_PRO/vendor/symfony/console/Command/Command.php:318
/home/roshdy/Work/projects/DEVFLOW_PRO/vendor/laravel/framework/src/Illuminate/Console/Command.php:180
/home/roshdy/Work/projects/DEVFLOW_PRO/vendor/laravel/framework/src/Illuminate/Console/Concerns/CallsCommands.php:68
/home/roshdy/Work/projects/DEVFLOW_PRO/vendor/laravel/framework/src/Illuminate/Console/Concerns/CallsCommands.php:41
/home/roshdy/Work/projects/DEVFLOW_PRO/vendor/laravel/framework/src/Illuminate/Database/Console/Migrations/MigrateCommand.php:144
/home/roshdy/Work/projects/DEVFLOW_PRO/vendor/laravel/framework/src/Illuminate/Console/View/Components/Task.php:41
/home/roshdy/Work/projects/DEVFLOW_PRO/vendor/laravel/framework/src/Illuminate/Console/View/Components/Factory.php:59
/home/roshdy/Work/projects/DEVFLOW_PRO/vendor/laravel/framework/src/Illuminate/Database/Console/Migrations/MigrateCommand.php:143
/home/roshdy/Work/projects/DEVFLOW_PRO/vendor/laravel/framework/src/Illuminate/Database/Console/Migrations/MigrateCommand.php:110
/home/roshdy/Work/projects/DEVFLOW_PRO/vendor/laravel/framework/src/Illuminate/Database/Migrations/Migrator.php:666
/home/roshdy/Work/projects/DEVFLOW_PRO/vendor/laravel/framework/src/Illuminate/Database/Console/Migrations/MigrateCommand.php:109
/home/roshdy/Work/projects/DEVFLOW_PRO/vendor/laravel/framework/src/Illuminate/Database/Console/Migrations/MigrateCommand.php:88
/home/roshdy/Work/projects/DEVFLOW_PRO/vendor/laravel/framework/src/Illuminate/Container/BoundMethod.php:36
/home/roshdy/Work/projects/DEVFLOW_PRO/vendor/laravel/framework/src/Illuminate/Container/Util.php:43
/home/roshdy/Work/projects/DEVFLOW_PRO/vendor/laravel/framework/src/Illuminate/Container/BoundMethod.php:96
/home/roshdy/Work/projects/DEVFLOW_PRO/vendor/laravel/framework/src/Illuminate/Container/BoundMethod.php:35
/home/roshdy/Work/projects/DEVFLOW_PRO/vendor/laravel/framework/src/Illuminate/Container/Container.php:836
/home/roshdy/Work/projects/DEVFLOW_PRO/vendor/laravel/framework/src/Illuminate/Console/Command.php:211
/home/roshdy/Work/projects/DEVFLOW_PRO/vendor/symfony/console/Command/Command.php:318
/home/roshdy/Work/projects/DEVFLOW_PRO/vendor/laravel/framework/src/Illuminate/Console/Command.php:180
/home/roshdy/Work/projects/DEVFLOW_PRO/vendor/laravel/framework/src/Illuminate/Console/Concerns/CallsCommands.php:68
/home/roshdy/Work/projects/DEVFLOW_PRO/vendor/laravel/framework/src/Illuminate/Console/Concerns/CallsCommands.php:29
/home/roshdy/Work/projects/DEVFLOW_PRO/vendor/laravel/framework/src/Illuminate/Database/Console/Migrations/FreshCommand.php:81
/home/roshdy/Work/projects/DEVFLOW_PRO/vendor/laravel/framework/src/Illuminate/Container/BoundMethod.php:36
/home/roshdy/Work/projects/DEVFLOW_PRO/vendor/laravel/framework/src/Illuminate/Container/Util.php:43
/home/roshdy/Work/projects/DEVFLOW_PRO/vendor/laravel/framework/src/Illuminate/Container/BoundMethod.php:96
/home/roshdy/Work/projects/DEVFLOW_PRO/vendor/laravel/framework/src/Illuminate/Container/BoundMethod.php:35
/home/roshdy/Work/projects/DEVFLOW_PRO/vendor/laravel/framework/src/Illuminate/Container/Container.php:836
/home/roshdy/Work/projects/DEVFLOW_PRO/vendor/laravel/framework/src/Illuminate/Console/Command.php:211
/home/roshdy/Work/projects/DEVFLOW_PRO/vendor/symfony/console/Command/Command.php:318
/home/roshdy/Work/projects/DEVFLOW_PRO/vendor/laravel/framework/src/Illuminate/Console/Command.php:180
/home/roshdy/Work/projects/DEVFLOW_PRO/vendor/symfony/console/Application.php:1055
/home/roshdy/Work/projects/DEVFLOW_PRO/vendor/symfony/console/Application.php:356
/home/roshdy/Work/projects/DEVFLOW_PRO/vendor/symfony/console/Application.php:195
/home/roshdy/Work/projects/DEVFLOW_PRO/vendor/laravel/framework/src/Illuminate/Console/Application.php:165
/home/roshdy/Work/projects/DEVFLOW_PRO/vendor/laravel/framework/src/Illuminate/Foundation/Console/Kernel.php:426
/home/roshdy/Work/projects/DEVFLOW_PRO/vendor/laravel/framework/src/Illuminate/Testing/PendingCommand.php:451
/home/roshdy/Work/projects/DEVFLOW_PRO/vendor/laravel/framework/src/Illuminate/Testing/PendingCommand.php:675
/home/roshdy/Work/projects/DEVFLOW_PRO/vendor/laravel/framework/src/Illuminate/Foundation/Testing/Concerns/InteractsWithConsole.php:87
/home/roshdy/Work/projects/DEVFLOW_PRO/vendor/laravel/framework/src/Illuminate/Foundation/Testing/RefreshDatabase.php:101
/home/roshdy/Work/projects/DEVFLOW_PRO/vendor/laravel/framework/src/Illuminate/Foundation/Testing/RefreshDatabase.php:84
/home/roshdy/Work/projects/DEVFLOW_PRO/vendor/laravel/framework/src/Illuminate/Foundation/Testing/RefreshDatabase.php:25
/home/roshdy/Work/projects/DEVFLOW_PRO/vendor/laravel/framework/src/Illuminate/Foundation/Testing/Concerns/InteractsWithTestCaseLifecycle.php:209
/home/roshdy/Work/projects/DEVFLOW_PRO/vendor/laravel/framework/src/Illuminate/Foundation/Testing/Concerns/InteractsWithTestCaseLifecycle.php:97
/home/roshdy/Work/projects/DEVFLOW_PRO/vendor/laravel/framework/src/Illuminate/Foundation/Testing/TestCase.php:44
/home/roshdy/Work/projects/DEVFLOW_PRO/tests/TestCase.php:18
/home/roshdy/Work/projects/DEVFLOW_PRO/tests/Feature/DeploymentTest.php:26</error>
        </testcase>
        <testcase name="rollback_creates_new_deployment_with_reference" file="/home/roshdy/Work/projects/DEVFLOW_PRO/tests/Feature/DeploymentTest.php" line="84" class="Tests\Feature\DeploymentTest" classname="Tests.Feature.DeploymentTest" assertions="0" time="0.000000">
          <error type="Illuminate\Database\QueryException">Tests\Feature\DeploymentTest::rollback_creates_new_deployment_with_reference
Illuminate\Database\QueryException: SQLSTATE[42S01]: Base table or view already exists: 1050 Table 'users' already exists (Connection: mysql, SQL: create table `users` (`id` bigint unsigned not null auto_increment primary key, `name` varchar(191) not null, `email` varchar(191) not null, `email_verified_at` timestamp null, `password` varchar(191) not null, `avatar` varchar(191) null, `timezone` varchar(191) not null default 'UTC', `last_login_at` timestamp null, `remember_token` varchar(100) null, `created_at` timestamp null, `updated_at` timestamp null) default character set utf8mb4 collate 'utf8mb4_unicode_ci')

/home/roshdy/Work/projects/DEVFLOW_PRO/vendor/laravel/framework/src/Illuminate/Database/Connection.php:824
/home/roshdy/Work/projects/DEVFLOW_PRO/vendor/laravel/framework/src/Illuminate/Database/Connection.php:778
/home/roshdy/Work/projects/DEVFLOW_PRO/vendor/laravel/framework/src/Illuminate/Database/Connection.php:559
/home/roshdy/Work/projects/DEVFLOW_PRO/vendor/laravel/framework/src/Illuminate/Database/Schema/Blueprint.php:121
/home/roshdy/Work/projects/DEVFLOW_PRO/vendor/laravel/framework/src/Illuminate/Database/Schema/Builder.php:618
/home/roshdy/Work/projects/DEVFLOW_PRO/vendor/laravel/framework/src/Illuminate/Database/Schema/Builder.php:472
/home/roshdy/Work/projects/DEVFLOW_PRO/vendor/laravel/framework/src/Illuminate/Support/Facades/Facade.php:363
/home/roshdy/Work/projects/DEVFLOW_PRO/database/migrations/0001_01_01_000000_create_users_table.php:11
/home/roshdy/Work/projects/DEVFLOW_PRO/vendor/laravel/framework/src/Illuminate/Database/Migrations/Migrator.php:514
/home/roshdy/Work/projects/DEVFLOW_PRO/vendor/laravel/framework/src/Illuminate/Database/Migrations/Migrator.php:439
/home/roshdy/Work/projects/DEVFLOW_PRO/vendor/laravel/framework/src/Illuminate/Database/Migrations/Migrator.php:448
/home/roshdy/Work/projects/DEVFLOW_PRO/vendor/laravel/framework/src/Illuminate/Database/Migrations/Migrator.php:250
/home/roshdy/Work/projects/DEVFLOW_PRO/vendor/laravel/framework/src/Illuminate/Console/View/Components/Task.php:41
/home/roshdy/Work/projects/DEVFLOW_PRO/vendor/laravel/framework/src/Illuminate/Database/Migrations/Migrator.php:809
/home/roshdy/Work/projects/DEVFLOW_PRO/vendor/laravel/framework/src/Illuminate/Database/Migrations/Migrator.php:250
/home/roshdy/Work/projects/DEVFLOW_PRO/vendor/laravel/framework/src/Illuminate/Database/Migrations/Migrator.php:210
/home/roshdy/Work/projects/DEVFLOW_PRO/vendor/laravel/framework/src/Illuminate/Database/Migrations/Migrator.php:137
/home/roshdy/Work/projects/DEVFLOW_PRO/vendor/laravel/framework/src/Illuminate/Database/Console/Migrations/MigrateCommand.php:116
/home/roshdy/Work/projects/DEVFLOW_PRO/vendor/laravel/framework/src/Illuminate/Database/Migrations/Migrator.php:666
/home/roshdy/Work/projects/DEVFLOW_PRO/vendor/laravel/framework/src/Illuminate/Database/Console/Migrations/MigrateCommand.php:109
/home/roshdy/Work/projects/DEVFLOW_PRO/vendor/laravel/framework/src/Illuminate/Database/Console/Migrations/MigrateCommand.php:88
/home/roshdy/Work/projects/DEVFLOW_PRO/vendor/laravel/framework/src/Illuminate/Container/BoundMethod.php:36
/home/roshdy/Work/projects/DEVFLOW_PRO/vendor/laravel/framework/src/Illuminate/Container/Util.php:43
/home/roshdy/Work/projects/DEVFLOW_PRO/vendor/laravel/framework/src/Illuminate/Container/BoundMethod.php:96
/home/roshdy/Work/projects/DEVFLOW_PRO/vendor/laravel/framework/src/Illuminate/Container/BoundMethod.php:35
/home/roshdy/Work/projects/DEVFLOW_PRO/vendor/laravel/framework/src/Illuminate/Container/Container.php:836
/home/roshdy/Work/projects/DEVFLOW_PRO/vendor/laravel/framework/src/Illuminate/Console/Command.php:211
/home/roshdy/Work/projects/DEVFLOW_PRO/vendor/symfony/console/Command/Command.php:318
/home/roshdy/Work/projects/DEVFLOW_PRO/vendor/laravel/framework/src/Illuminate/Console/Command.php:180
/home/roshdy/Work/projects/DEVFLOW_PRO/vendor/laravel/framework/src/Illuminate/Console/Concerns/CallsCommands.php:68
/home/roshdy/Work/projects/DEVFLOW_PRO/vendor/laravel/framework/src/Illuminate/Console/Concerns/CallsCommands.php:29
/home/roshdy/Work/projects/DEVFLOW_PRO/vendor/laravel/framework/src/Illuminate/Database/Console/Migrations/FreshCommand.php:81
/home/roshdy/Work/projects/DEVFLOW_PRO/vendor/laravel/framework/src/Illuminate/Container/BoundMethod.php:36
/home/roshdy/Work/projects/DEVFLOW_PRO/vendor/laravel/framework/src/Illuminate/Container/Util.php:43
/home/roshdy/Work/projects/DEVFLOW_PRO/vendor/laravel/framework/src/Illuminate/Container/BoundMethod.php:96
/home/roshdy/Work/projects/DEVFLOW_PRO/vendor/laravel/framework/src/Illuminate/Container/BoundMethod.php:35
/home/roshdy/Work/projects/DEVFLOW_PRO/vendor/laravel/framework/src/Illuminate/Container/Container.php:836
/home/roshdy/Work/projects/DEVFLOW_PRO/vendor/laravel/framework/src/Illuminate/Console/Command.php:211
/home/roshdy/Work/projects/DEVFLOW_PRO/vendor/symfony/console/Command/Command.php:318
/home/roshdy/Work/projects/DEVFLOW_PRO/vendor/laravel/framework/src/Illuminate/Console/Command.php:180
/home/roshdy/Work/projects/DEVFLOW_PRO/vendor/symfony/console/Application.php:1055
/home/roshdy/Work/projects/DEVFLOW_PRO/vendor/symfony/console/Application.php:356
/home/roshdy/Work/projects/DEVFLOW_PRO/vendor/symfony/console/Application.php:195
/home/roshdy/Work/projects/DEVFLOW_PRO/vendor/laravel/framework/src/Illuminate/Console/Application.php:165
/home/roshdy/Work/projects/DEVFLOW_PRO/vendor/laravel/framework/src/Illuminate/Foundation/Console/Kernel.php:426
/home/roshdy/Work/projects/DEVFLOW_PRO/vendor/laravel/framework/src/Illuminate/Testing/PendingCommand.php:451
/home/roshdy/Work/projects/DEVFLOW_PRO/vendor/laravel/framework/src/Illuminate/Testing/PendingCommand.php:675
/home/roshdy/Work/projects/DEVFLOW_PRO/vendor/laravel/framework/src/Illuminate/Foundation/Testing/Concerns/InteractsWithConsole.php:87
/home/roshdy/Work/projects/DEVFLOW_PRO/vendor/laravel/framework/src/Illuminate/Foundation/Testing/RefreshDatabase.php:101
/home/roshdy/Work/projects/DEVFLOW_PRO/vendor/laravel/framework/src/Illuminate/Foundation/Testing/RefreshDatabase.php:84
/home/roshdy/Work/projects/DEVFLOW_PRO/vendor/laravel/framework/src/Illuminate/Foundation/Testing/RefreshDatabase.php:25
/home/roshdy/Work/projects/DEVFLOW_PRO/vendor/laravel/framework/src/Illuminate/Foundation/Testing/Concerns/InteractsWithTestCaseLifecycle.php:209
/home/roshdy/Work/projects/DEVFLOW_PRO/vendor/laravel/framework/src/Illuminate/Foundation/Testing/Concerns/InteractsWithTestCaseLifecycle.php:97
/home/roshdy/Work/projects/DEVFLOW_PRO/vendor/laravel/framework/src/Illuminate/Foundation/Testing/TestCase.php:44
/home/roshdy/Work/projects/DEVFLOW_PRO/tests/TestCase.php:18
/home/roshdy/Work/projects/DEVFLOW_PRO/tests/Feature/DeploymentTest.php:26</error>
        </testcase>
        <testcase name="deployment_status_progression_is_correct" file="/home/roshdy/Work/projects/DEVFLOW_PRO/tests/Feature/DeploymentTest.php" line="129" class="Tests\Feature\DeploymentTest" classname="Tests.Feature.DeploymentTest" assertions="0" time="0.000000">
          <error type="Illuminate\Database\QueryException">Tests\Feature\DeploymentTest::deployment_status_progression_is_correct
Illuminate\Database\QueryException: SQLSTATE[42S01]: Base table or view already exists: 1050 Table 'sessions' already exists (Connection: mysql, SQL: create table `sessions` (`id` varchar(191) not null, `user_id` bigint unsigned null, `ip_address` varchar(45) null, `user_agent` text null, `payload` longtext not null, `last_activity` int not null, primary key (`id`)) default character set utf8mb4 collate 'utf8mb4_unicode_ci')

/home/roshdy/Work/projects/DEVFLOW_PRO/vendor/laravel/framework/src/Illuminate/Database/Connection.php:824
/home/roshdy/Work/projects/DEVFLOW_PRO/vendor/laravel/framework/src/Illuminate/Database/Connection.php:778
/home/roshdy/Work/projects/DEVFLOW_PRO/vendor/laravel/framework/src/Illuminate/Database/Connection.php:559
/home/roshdy/Work/projects/DEVFLOW_PRO/vendor/laravel/framework/src/Illuminate/Database/Schema/Blueprint.php:121
/home/roshdy/Work/projects/DEVFLOW_PRO/vendor/laravel/framework/src/Illuminate/Database/Schema/Builder.php:618
/home/roshdy/Work/projects/DEVFLOW_PRO/vendor/laravel/framework/src/Illuminate/Database/Schema/Builder.php:472
/home/roshdy/Work/projects/DEVFLOW_PRO/vendor/laravel/framework/src/Illuminate/Support/Facades/Facade.php:363
/home/roshdy/Work/projects/DEVFLOW_PRO/database/migrations/0001_01_01_000000_create_users_table.php:30
/home/roshdy/Work/projects/DEVFLOW_PRO/vendor/laravel/framework/src/Illuminate/Database/Migrations/Migrator.php:514
/home/roshdy/Work/projects/DEVFLOW_PRO/vendor/laravel/framework/src/Illuminate/Database/Migrations/Migrator.php:439
/home/roshdy/Work/projects/DEVFLOW_PRO/vendor/laravel/framework/src/Illuminate/Database/Migrations/Migrator.php:448
/home/roshdy/Work/projects/DEVFLOW_PRO/vendor/laravel/framework/src/Illuminate/Database/Migrations/Migrator.php:250
/home/roshdy/Work/projects/DEVFLOW_PRO/vendor/laravel/framework/src/Illuminate/Console/View/Components/Task.php:41
/home/roshdy/Work/projects/DEVFLOW_PRO/vendor/laravel/framework/src/Illuminate/Database/Migrations/Migrator.php:809
/home/roshdy/Work/projects/DEVFLOW_PRO/vendor/laravel/framework/src/Illuminate/Database/Migrations/Migrator.php:250
/home/roshdy/Work/projects/DEVFLOW_PRO/vendor/laravel/framework/src/Illuminate/Database/Migrations/Migrator.php:210
/home/roshdy/Work/projects/DEVFLOW_PRO/vendor/laravel/framework/src/Illuminate/Database/Migrations/Migrator.php:137
/home/roshdy/Work/projects/DEVFLOW_PRO/vendor/laravel/framework/src/Illuminate/Database/Console/Migrations/MigrateCommand.php:116
/home/roshdy/Work/projects/DEVFLOW_PRO/vendor/laravel/framework/src/Illuminate/Database/Migrations/Migrator.php:666
/home/roshdy/Work/projects/DEVFLOW_PRO/vendor/laravel/framework/src/Illuminate/Database/Console/Migrations/MigrateCommand.php:109
/home/roshdy/Work/projects/DEVFLOW_PRO/vendor/laravel/framework/src/Illuminate/Database/Console/Migrations/MigrateCommand.php:88
/home/roshdy/Work/projects/DEVFLOW_PRO/vendor/laravel/framework/src/Illuminate/Container/BoundMethod.php:36
/home/roshdy/Work/projects/DEVFLOW_PRO/vendor/laravel/framework/src/Illuminate/Container/Util.php:43
/home/roshdy/Work/projects/DEVFLOW_PRO/vendor/laravel/framework/src/Illuminate/Container/BoundMethod.php:96
/home/roshdy/Work/projects/DEVFLOW_PRO/vendor/laravel/framework/src/Illuminate/Container/BoundMethod.php:35
/home/roshdy/Work/projects/DEVFLOW_PRO/vendor/laravel/framework/src/Illuminate/Container/Container.php:836
/home/roshdy/Work/projects/DEVFLOW_PRO/vendor/laravel/framework/src/Illuminate/Console/Command.php:211
/home/roshdy/Work/projects/DEVFLOW_PRO/vendor/symfony/console/Command/Command.php:318
/home/roshdy/Work/projects/DEVFLOW_PRO/vendor/laravel/framework/src/Illuminate/Console/Command.php:180
/home/roshdy/Work/projects/DEVFLOW_PRO/vendor/laravel/framework/src/Illuminate/Console/Concerns/CallsCommands.php:68
/home/roshdy/Work/projects/DEVFLOW_PRO/vendor/laravel/framework/src/Illuminate/Console/Concerns/CallsCommands.php:29
/home/roshdy/Work/projects/DEVFLOW_PRO/vendor/laravel/framework/src/Illuminate/Database/Console/Migrations/FreshCommand.php:81
/home/roshdy/Work/projects/DEVFLOW_PRO/vendor/laravel/framework/src/Illuminate/Container/BoundMethod.php:36
/home/roshdy/Work/projects/DEVFLOW_PRO/vendor/laravel/framework/src/Illuminate/Container/Util.php:43
/home/roshdy/Work/projects/DEVFLOW_PRO/vendor/laravel/framework/src/Illuminate/Container/BoundMethod.php:96
/home/roshdy/Work/projects/DEVFLOW_PRO/vendor/laravel/framework/src/Illuminate/Container/BoundMethod.php:35
/home/roshdy/Work/projects/DEVFLOW_PRO/vendor/laravel/framework/src/Illuminate/Container/Container.php:836
/home/roshdy/Work/projects/DEVFLOW_PRO/vendor/laravel/framework/src/Illuminate/Console/Command.php:211
/home/roshdy/Work/projects/DEVFLOW_PRO/vendor/symfony/console/Command/Command.php:318
/home/roshdy/Work/projects/DEVFLOW_PRO/vendor/laravel/framework/src/Illuminate/Console/Command.php:180
/home/roshdy/Work/projects/DEVFLOW_PRO/vendor/symfony/console/Application.php:1055
/home/roshdy/Work/projects/DEVFLOW_PRO/vendor/symfony/console/Application.php:356
/home/roshdy/Work/projects/DEVFLOW_PRO/vendor/symfony/console/Application.php:195
/home/roshdy/Work/projects/DEVFLOW_PRO/vendor/laravel/framework/src/Illuminate/Console/Application.php:165
/home/roshdy/Work/projects/DEVFLOW_PRO/vendor/laravel/framework/src/Illuminate/Foundation/Console/Kernel.php:426
/home/roshdy/Work/projects/DEVFLOW_PRO/vendor/laravel/framework/src/Illuminate/Testing/PendingCommand.php:451
/home/roshdy/Work/projects/DEVFLOW_PRO/vendor/laravel/framework/src/Illuminate/Testing/PendingCommand.php:675
/home/roshdy/Work/projects/DEVFLOW_PRO/vendor/laravel/framework/src/Illuminate/Foundation/Testing/Concerns/InteractsWithConsole.php:87
/home/roshdy/Work/projects/DEVFLOW_PRO/vendor/laravel/framework/src/Illuminate/Foundation/Testing/RefreshDatabase.php:101
/home/roshdy/Work/projects/DEVFLOW_PRO/vendor/laravel/framework/src/Illuminate/Foundation/Testing/RefreshDatabase.php:84
/home/roshdy/Work/projects/DEVFLOW_PRO/vendor/laravel/framework/src/Illuminate/Foundation/Testing/RefreshDatabase.php:25
/home/roshdy/Work/projects/DEVFLOW_PRO/vendor/laravel/framework/src/Illuminate/Foundation/Testing/Concerns/InteractsWithTestCaseLifecycle.php:209
/home/roshdy/Work/projects/DEVFLOW_PRO/vendor/laravel/framework/src/Illuminate/Foundation/Testing/Concerns/InteractsWithTestCaseLifecycle.php:97
/home/roshdy/Work/projects/DEVFLOW_PRO/vendor/laravel/framework/src/Illuminate/Foundation/Testing/TestCase.php:44
/home/roshdy/Work/projects/DEVFLOW_PRO/tests/TestCase.php:18
/home/roshdy/Work/projects/DEVFLOW_PRO/tests/Feature/DeploymentTest.php:26</error>
        </testcase>
        <testcase name="failed_deployment_stores_error_message" file="/home/roshdy/Work/projects/DEVFLOW_PRO/tests/Feature/DeploymentTest.php" line="153" class="Tests\Feature\DeploymentTest" classname="Tests.Feature.DeploymentTest" assertions="0" time="0.000000">
          <error type="Illuminate\Database\QueryException">Tests\Feature\DeploymentTest::failed_deployment_stores_error_message
Illuminate\Database\QueryException: SQLSTATE[42S02]: Base table or view not found: 1146 Table 'devflow_pro_test.servers' doesn't exist (Connection: mysql, SQL: alter table `servers` add index `servers_user_id_status_index`(`user_id`, `status`))

/home/roshdy/Work/projects/DEVFLOW_PRO/vendor/laravel/framework/src/Illuminate/Database/Connection.php:824
/home/roshdy/Work/projects/DEVFLOW_PRO/vendor/laravel/framework/src/Illuminate/Database/Connection.php:778
/home/roshdy/Work/projects/DEVFLOW_PRO/vendor/laravel/framework/src/Illuminate/Database/Connection.php:559
/home/roshdy/Work/projects/DEVFLOW_PRO/vendor/laravel/framework/src/Illuminate/Database/Schema/Blueprint.php:121
/home/roshdy/Work/projects/DEVFLOW_PRO/vendor/laravel/framework/src/Illuminate/Database/Schema/Builder.php:618
/home/roshdy/Work/projects/DEVFLOW_PRO/vendor/laravel/framework/src/Illuminate/Database/Schema/Builder.php:472
/home/roshdy/Work/projects/DEVFLOW_PRO/vendor/laravel/framework/src/Illuminate/Support/Facades/Facade.php:363
/home/roshdy/Work/projects/DEVFLOW_PRO/database/migrations/2024_01_02_000001_create_servers_table.php:11
/home/roshdy/Work/projects/DEVFLOW_PRO/vendor/laravel/framework/src/Illuminate/Database/Migrations/Migrator.php:514
/home/roshdy/Work/projects/DEVFLOW_PRO/vendor/laravel/framework/src/Illuminate/Database/Migrations/Migrator.php:439
/home/roshdy/Work/projects/DEVFLOW_PRO/vendor/laravel/framework/src/Illuminate/Database/Migrations/Migrator.php:448
/home/roshdy/Work/projects/DEVFLOW_PRO/vendor/laravel/framework/src/Illuminate/Database/Migrations/Migrator.php:250
/home/roshdy/Work/projects/DEVFLOW_PRO/vendor/laravel/framework/src/Illuminate/Console/View/Components/Task.php:41
/home/roshdy/Work/projects/DEVFLOW_PRO/vendor/laravel/framework/src/Illuminate/Database/Migrations/Migrator.php:809
/home/roshdy/Work/projects/DEVFLOW_PRO/vendor/laravel/framework/src/Illuminate/Database/Migrations/Migrator.php:250
/home/roshdy/Work/projects/DEVFLOW_PRO/vendor/laravel/framework/src/Illuminate/Database/Migrations/Migrator.php:210
/home/roshdy/Work/projects/DEVFLOW_PRO/vendor/laravel/framework/src/Illuminate/Database/Migrations/Migrator.php:137
/home/roshdy/Work/projects/DEVFLOW_PRO/vendor/laravel/framework/src/Illuminate/Database/Console/Migrations/MigrateCommand.php:116
/home/roshdy/Work/projects/DEVFLOW_PRO/vendor/laravel/framework/src/Illuminate/Database/Migrations/Migrator.php:666
/home/roshdy/Work/projects/DEVFLOW_PRO/vendor/laravel/framework/src/Illuminate/Database/Console/Migrations/MigrateCommand.php:109
/home/roshdy/Work/projects/DEVFLOW_PRO/vendor/laravel/framework/src/Illuminate/Database/Console/Migrations/MigrateCommand.php:88
/home/roshdy/Work/projects/DEVFLOW_PRO/vendor/laravel/framework/src/Illuminate/Container/BoundMethod.php:36
/home/roshdy/Work/projects/DEVFLOW_PRO/vendor/laravel/framework/src/Illuminate/Container/Util.php:43
/home/roshdy/Work/projects/DEVFLOW_PRO/vendor/laravel/framework/src/Illuminate/Container/BoundMethod.php:96
/home/roshdy/Work/projects/DEVFLOW_PRO/vendor/laravel/framework/src/Illuminate/Container/BoundMethod.php:35
/home/roshdy/Work/projects/DEVFLOW_PRO/vendor/laravel/framework/src/Illuminate/Container/Container.php:836
/home/roshdy/Work/projects/DEVFLOW_PRO/vendor/laravel/framework/src/Illuminate/Console/Command.php:211
/home/roshdy/Work/projects/DEVFLOW_PRO/vendor/symfony/console/Command/Command.php:318
/home/roshdy/Work/projects/DEVFLOW_PRO/vendor/laravel/framework/src/Illuminate/Console/Command.php:180
/home/roshdy/Work/projects/DEVFLOW_PRO/vendor/laravel/framework/src/Illuminate/Console/Concerns/CallsCommands.php:68
/home/roshdy/Work/projects/DEVFLOW_PRO/vendor/laravel/framework/src/Illuminate/Console/Concerns/CallsCommands.php:29
/home/roshdy/Work/projects/DEVFLOW_PRO/vendor/laravel/framework/src/Illuminate/Database/Console/Migrations/FreshCommand.php:81
/home/roshdy/Work/projects/DEVFLOW_PRO/vendor/laravel/framework/src/Illuminate/Container/BoundMethod.php:36
/home/roshdy/Work/projects/DEVFLOW_PRO/vendor/laravel/framework/src/Illuminate/Container/Util.php:43
/home/roshdy/Work/projects/DEVFLOW_PRO/vendor/laravel/framework/src/Illuminate/Container/BoundMethod.php:96
/home/roshdy/Work/projects/DEVFLOW_PRO/vendor/laravel/framework/src/Illuminate/Container/BoundMethod.php:35
/home/roshdy/Work/projects/DEVFLOW_PRO/vendor/laravel/framework/src/Illuminate/Container/Container.php:836
/home/roshdy/Work/projects/DEVFLOW_PRO/vendor/laravel/framework/src/Illuminate/Console/Command.php:211
/home/roshdy/Work/projects/DEVFLOW_PRO/vendor/symfony/console/Command/Command.php:318
/home/roshdy/Work/projects/DEVFLOW_PRO/vendor/laravel/framework/src/Illuminate/Console/Command.php:180
/home/roshdy/Work/projects/DEVFLOW_PRO/vendor/symfony/console/Application.php:1055
/home/roshdy/Work/projects/DEVFLOW_PRO/vendor/symfony/console/Application.php:356
/home/roshdy/Work/projects/DEVFLOW_PRO/vendor/symfony/console/Application.php:195
/home/roshdy/Work/projects/DEVFLOW_PRO/vendor/laravel/framework/src/Illuminate/Console/Application.php:165
/home/roshdy/Work/projects/DEVFLOW_PRO/vendor/laravel/framework/src/Illuminate/Foundation/Console/Kernel.php:426
/home/roshdy/Work/projects/DEVFLOW_PRO/vendor/laravel/framework/src/Illuminate/Testing/PendingCommand.php:451
/home/roshdy/Work/projects/DEVFLOW_PRO/vendor/laravel/framework/src/Illuminate/Testing/PendingCommand.php:675
/home/roshdy/Work/projects/DEVFLOW_PRO/vendor/laravel/framework/src/Illuminate/Foundation/Testing/Concerns/InteractsWithConsole.php:87
/home/roshdy/Work/projects/DEVFLOW_PRO/vendor/laravel/framework/src/Illuminate/Foundation/Testing/RefreshDatabase.php:101
/home/roshdy/Work/projects/DEVFLOW_PRO/vendor/laravel/framework/src/Illuminate/Foundation/Testing/RefreshDatabase.php:84
/home/roshdy/Work/projects/DEVFLOW_PRO/vendor/laravel/framework/src/Illuminate/Foundation/Testing/RefreshDatabase.php:25
/home/roshdy/Work/projects/DEVFLOW_PRO/vendor/laravel/framework/src/Illuminate/Foundation/Testing/Concerns/InteractsWithTestCaseLifecycle.php:209
/home/roshdy/Work/projects/DEVFLOW_PRO/vendor/laravel/framework/src/Illuminate/Foundation/Testing/Concerns/InteractsWithTestCaseLifecycle.php:97
/home/roshdy/Work/projects/DEVFLOW_PRO/vendor/laravel/framework/src/Illuminate/Foundation/Testing/TestCase.php:44
/home/roshdy/Work/projects/DEVFLOW_PRO/tests/TestCase.php:18
/home/roshdy/Work/projects/DEVFLOW_PRO/tests/Feature/DeploymentTest.php:26</error>
        </testcase>
        <testcase name="deployment_pagination_works_correctly" file="/home/roshdy/Work/projects/DEVFLOW_PRO/tests/Feature/DeploymentTest.php" line="174" class="Tests\Feature\DeploymentTest" classname="Tests.Feature.DeploymentTest" assertions="0" time="0.000000">
          <error type="Illuminate\Database\QueryException">Tests\Feature\DeploymentTest::deployment_pagination_works_correctly
Illuminate\Database\QueryException: SQLSTATE[42S01]: Base table or view already exists: 1050 Table 'migrations' already exists (Connection: mysql, SQL: create table `migrations` (`id` int unsigned not null auto_increment primary key, `migration` varchar(191) not null, `batch` int not null) default character set utf8mb4 collate 'utf8mb4_unicode_ci')

/home/roshdy/Work/projects/DEVFLOW_PRO/vendor/laravel/framework/src/Illuminate/Database/Connection.php:824
/home/roshdy/Work/projects/DEVFLOW_PRO/vendor/laravel/framework/src/Illuminate/Database/Connection.php:778
/home/roshdy/Work/projects/DEVFLOW_PRO/vendor/laravel/framework/src/Illuminate/Database/Connection.php:559
/home/roshdy/Work/projects/DEVFLOW_PRO/vendor/laravel/framework/src/Illuminate/Database/Schema/Blueprint.php:121
/home/roshdy/Work/projects/DEVFLOW_PRO/vendor/laravel/framework/src/Illuminate/Database/Schema/Builder.php:618
/home/roshdy/Work/projects/DEVFLOW_PRO/vendor/laravel/framework/src/Illuminate/Database/Schema/Builder.php:472
/home/roshdy/Work/projects/DEVFLOW_PRO/vendor/laravel/framework/src/Illuminate/Database/Migrations/DatabaseMigrationRepository.php:166
/home/roshdy/Work/projects/DEVFLOW_PRO/vendor/laravel/framework/src/Illuminate/Database/Console/Migrations/InstallCommand.php:56
/home/roshdy/Work/projects/DEVFLOW_PRO/vendor/laravel/framework/src/Illuminate/Container/BoundMethod.php:36
/home/roshdy/Work/projects/DEVFLOW_PRO/vendor/laravel/framework/src/Illuminate/Container/Util.php:43
/home/roshdy/Work/projects/DEVFLOW_PRO/vendor/laravel/framework/src/Illuminate/Container/BoundMethod.php:96
/home/roshdy/Work/projects/DEVFLOW_PRO/vendor/laravel/framework/src/Illuminate/Container/BoundMethod.php:35
/home/roshdy/Work/projects/DEVFLOW_PRO/vendor/laravel/framework/src/Illuminate/Container/Container.php:836
/home/roshdy/Work/projects/DEVFLOW_PRO/vendor/laravel/framework/src/Illuminate/Console/Command.php:211
/home/roshdy/Work/projects/DEVFLOW_PRO/vendor/symfony/console/Command/Command.php:318
/home/roshdy/Work/projects/DEVFLOW_PRO/vendor/laravel/framework/src/Illuminate/Console/Command.php:180
/home/roshdy/Work/projects/DEVFLOW_PRO/vendor/laravel/framework/src/Illuminate/Console/Concerns/CallsCommands.php:68
/home/roshdy/Work/projects/DEVFLOW_PRO/vendor/laravel/framework/src/Illuminate/Console/Concerns/CallsCommands.php:41
/home/roshdy/Work/projects/DEVFLOW_PRO/vendor/laravel/framework/src/Illuminate/Database/Console/Migrations/MigrateCommand.php:144
/home/roshdy/Work/projects/DEVFLOW_PRO/vendor/laravel/framework/src/Illuminate/Console/View/Components/Task.php:41
/home/roshdy/Work/projects/DEVFLOW_PRO/vendor/laravel/framework/src/Illuminate/Console/View/Components/Factory.php:59
/home/roshdy/Work/projects/DEVFLOW_PRO/vendor/laravel/framework/src/Illuminate/Database/Console/Migrations/MigrateCommand.php:143
/home/roshdy/Work/projects/DEVFLOW_PRO/vendor/laravel/framework/src/Illuminate/Database/Console/Migrations/MigrateCommand.php:110
/home/roshdy/Work/projects/DEVFLOW_PRO/vendor/laravel/framework/src/Illuminate/Database/Migrations/Migrator.php:666
/home/roshdy/Work/projects/DEVFLOW_PRO/vendor/laravel/framework/src/Illuminate/Database/Console/Migrations/MigrateCommand.php:109
/home/roshdy/Work/projects/DEVFLOW_PRO/vendor/laravel/framework/src/Illuminate/Database/Console/Migrations/MigrateCommand.php:88
/home/roshdy/Work/projects/DEVFLOW_PRO/vendor/laravel/framework/src/Illuminate/Container/BoundMethod.php:36
/home/roshdy/Work/projects/DEVFLOW_PRO/vendor/laravel/framework/src/Illuminate/Container/Util.php:43
/home/roshdy/Work/projects/DEVFLOW_PRO/vendor/laravel/framework/src/Illuminate/Container/BoundMethod.php:96
/home/roshdy/Work/projects/DEVFLOW_PRO/vendor/laravel/framework/src/Illuminate/Container/BoundMethod.php:35
/home/roshdy/Work/projects/DEVFLOW_PRO/vendor/laravel/framework/src/Illuminate/Container/Container.php:836
/home/roshdy/Work/projects/DEVFLOW_PRO/vendor/laravel/framework/src/Illuminate/Console/Command.php:211
/home/roshdy/Work/projects/DEVFLOW_PRO/vendor/symfony/console/Command/Command.php:318
/home/roshdy/Work/projects/DEVFLOW_PRO/vendor/laravel/framework/src/Illuminate/Console/Command.php:180
/home/roshdy/Work/projects/DEVFLOW_PRO/vendor/laravel/framework/src/Illuminate/Console/Concerns/CallsCommands.php:68
/home/roshdy/Work/projects/DEVFLOW_PRO/vendor/laravel/framework/src/Illuminate/Console/Concerns/CallsCommands.php:29
/home/roshdy/Work/projects/DEVFLOW_PRO/vendor/laravel/framework/src/Illuminate/Database/Console/Migrations/FreshCommand.php:81
/home/roshdy/Work/projects/DEVFLOW_PRO/vendor/laravel/framework/src/Illuminate/Container/BoundMethod.php:36
/home/roshdy/Work/projects/DEVFLOW_PRO/vendor/laravel/framework/src/Illuminate/Container/Util.php:43
/home/roshdy/Work/projects/DEVFLOW_PRO/vendor/laravel/framework/src/Illuminate/Container/BoundMethod.php:96
/home/roshdy/Work/projects/DEVFLOW_PRO/vendor/laravel/framework/src/Illuminate/Container/BoundMethod.php:35
/home/roshdy/Work/projects/DEVFLOW_PRO/vendor/laravel/framework/src/Illuminate/Container/Container.php:836
/home/roshdy/Work/projects/DEVFLOW_PRO/vendor/laravel/framework/src/Illuminate/Console/Command.php:211
/home/roshdy/Work/projects/DEVFLOW_PRO/vendor/symfony/console/Command/Command.php:318
/home/roshdy/Work/projects/DEVFLOW_PRO/vendor/laravel/framework/src/Illuminate/Console/Command.php:180
/home/roshdy/Work/projects/DEVFLOW_PRO/vendor/symfony/console/Application.php:1055
/home/roshdy/Work/projects/DEVFLOW_PRO/vendor/symfony/console/Application.php:356
/home/roshdy/Work/projects/DEVFLOW_PRO/vendor/symfony/console/Application.php:195
/home/roshdy/Work/projects/DEVFLOW_PRO/vendor/laravel/framework/src/Illuminate/Console/Application.php:165
/home/roshdy/Work/projects/DEVFLOW_PRO/vendor/laravel/framework/src/Illuminate/Foundation/Console/Kernel.php:426
/home/roshdy/Work/projects/DEVFLOW_PRO/vendor/laravel/framework/src/Illuminate/Testing/PendingCommand.php:451
/home/roshdy/Work/projects/DEVFLOW_PRO/vendor/laravel/framework/src/Illuminate/Testing/PendingCommand.php:675
/home/roshdy/Work/projects/DEVFLOW_PRO/vendor/laravel/framework/src/Illuminate/Foundation/Testing/Concerns/InteractsWithConsole.php:87
/home/roshdy/Work/projects/DEVFLOW_PRO/vendor/laravel/framework/src/Illuminate/Foundation/Testing/RefreshDatabase.php:101
/home/roshdy/Work/projects/DEVFLOW_PRO/vendor/laravel/framework/src/Illuminate/Foundation/Testing/RefreshDatabase.php:84
/home/roshdy/Work/projects/DEVFLOW_PRO/vendor/laravel/framework/src/Illuminate/Foundation/Testing/RefreshDatabase.php:25
/home/roshdy/Work/projects/DEVFLOW_PRO/vendor/laravel/framework/src/Illuminate/Foundation/Testing/Concerns/InteractsWithTestCaseLifecycle.php:209
/home/roshdy/Work/projects/DEVFLOW_PRO/vendor/laravel/framework/src/Illuminate/Foundation/Testing/Concerns/InteractsWithTestCaseLifecycle.php:97
/home/roshdy/Work/projects/DEVFLOW_PRO/vendor/laravel/framework/src/Illuminate/Foundation/Testing/TestCase.php:44
/home/roshdy/Work/projects/DEVFLOW_PRO/tests/TestCase.php:18
/home/roshdy/Work/projects/DEVFLOW_PRO/tests/Feature/DeploymentTest.php:26</error>
        </testcase>
        <testcase name="deployment_can_be_cancelled" file="/home/roshdy/Work/projects/DEVFLOW_PRO/tests/Feature/DeploymentTest.php" line="195" class="Tests\Feature\DeploymentTest" classname="Tests.Feature.DeploymentTest" assertions="0" time="0.000000">
          <error type="Illuminate\Database\QueryException">Tests\Feature\DeploymentTest::deployment_can_be_cancelled
Illuminate\Database\QueryException: SQLSTATE[42S01]: Base table or view already exists: 1050 Table 'users' already exists (Connection: mysql, SQL: create table `users` (`id` bigint unsigned not null auto_increment primary key, `name` varchar(191) not null, `email` varchar(191) not null, `email_verified_at` timestamp null, `password` varchar(191) not null, `avatar` varchar(191) null, `timezone` varchar(191) not null default 'UTC', `last_login_at` timestamp null, `remember_token` varchar(100) null, `created_at` timestamp null, `updated_at` timestamp null) default character set utf8mb4 collate 'utf8mb4_unicode_ci')

/home/roshdy/Work/projects/DEVFLOW_PRO/vendor/laravel/framework/src/Illuminate/Database/Connection.php:824
/home/roshdy/Work/projects/DEVFLOW_PRO/vendor/laravel/framework/src/Illuminate/Database/Connection.php:778
/home/roshdy/Work/projects/DEVFLOW_PRO/vendor/laravel/framework/src/Illuminate/Database/Connection.php:559
/home/roshdy/Work/projects/DEVFLOW_PRO/vendor/laravel/framework/src/Illuminate/Database/Schema/Blueprint.php:121
/home/roshdy/Work/projects/DEVFLOW_PRO/vendor/laravel/framework/src/Illuminate/Database/Schema/Builder.php:618
/home/roshdy/Work/projects/DEVFLOW_PRO/vendor/laravel/framework/src/Illuminate/Database/Schema/Builder.php:472
/home/roshdy/Work/projects/DEVFLOW_PRO/vendor/laravel/framework/src/Illuminate/Support/Facades/Facade.php:363
/home/roshdy/Work/projects/DEVFLOW_PRO/database/migrations/0001_01_01_000000_create_users_table.php:11
/home/roshdy/Work/projects/DEVFLOW_PRO/vendor/laravel/framework/src/Illuminate/Database/Migrations/Migrator.php:514
/home/roshdy/Work/projects/DEVFLOW_PRO/vendor/laravel/framework/src/Illuminate/Database/Migrations/Migrator.php:439
/home/roshdy/Work/projects/DEVFLOW_PRO/vendor/laravel/framework/src/Illuminate/Database/Migrations/Migrator.php:448
/home/roshdy/Work/projects/DEVFLOW_PRO/vendor/laravel/framework/src/Illuminate/Database/Migrations/Migrator.php:250
/home/roshdy/Work/projects/DEVFLOW_PRO/vendor/laravel/framework/src/Illuminate/Console/View/Components/Task.php:41
/home/roshdy/Work/projects/DEVFLOW_PRO/vendor/laravel/framework/src/Illuminate/Database/Migrations/Migrator.php:809
/home/roshdy/Work/projects/DEVFLOW_PRO/vendor/laravel/framework/src/Illuminate/Database/Migrations/Migrator.php:250
/home/roshdy/Work/projects/DEVFLOW_PRO/vendor/laravel/framework/src/Illuminate/Database/Migrations/Migrator.php:210
/home/roshdy/Work/projects/DEVFLOW_PRO/vendor/laravel/framework/src/Illuminate/Database/Migrations/Migrator.php:137
/home/roshdy/Work/projects/DEVFLOW_PRO/vendor/laravel/framework/src/Illuminate/Database/Console/Migrations/MigrateCommand.php:116
/home/roshdy/Work/projects/DEVFLOW_PRO/vendor/laravel/framework/src/Illuminate/Database/Migrations/Migrator.php:666
/home/roshdy/Work/projects/DEVFLOW_PRO/vendor/laravel/framework/src/Illuminate/Database/Console/Migrations/MigrateCommand.php:109
/home/roshdy/Work/projects/DEVFLOW_PRO/vendor/laravel/framework/src/Illuminate/Database/Console/Migrations/MigrateCommand.php:88
/home/roshdy/Work/projects/DEVFLOW_PRO/vendor/laravel/framework/src/Illuminate/Container/BoundMethod.php:36
/home/roshdy/Work/projects/DEVFLOW_PRO/vendor/laravel/framework/src/Illuminate/Container/Util.php:43
/home/roshdy/Work/projects/DEVFLOW_PRO/vendor/laravel/framework/src/Illuminate/Container/BoundMethod.php:96
/home/roshdy/Work/projects/DEVFLOW_PRO/vendor/laravel/framework/src/Illuminate/Container/BoundMethod.php:35
/home/roshdy/Work/projects/DEVFLOW_PRO/vendor/laravel/framework/src/Illuminate/Container/Container.php:836
/home/roshdy/Work/projects/DEVFLOW_PRO/vendor/laravel/framework/src/Illuminate/Console/Command.php:211
/home/roshdy/Work/projects/DEVFLOW_PRO/vendor/symfony/console/Command/Command.php:318
/home/roshdy/Work/projects/DEVFLOW_PRO/vendor/laravel/framework/src/Illuminate/Console/Command.php:180
/home/roshdy/Work/projects/DEVFLOW_PRO/vendor/laravel/framework/src/Illuminate/Console/Concerns/CallsCommands.php:68
/home/roshdy/Work/projects/DEVFLOW_PRO/vendor/laravel/framework/src/Illuminate/Console/Concerns/CallsCommands.php:29
/home/roshdy/Work/projects/DEVFLOW_PRO/vendor/laravel/framework/src/Illuminate/Database/Console/Migrations/FreshCommand.php:81
/home/roshdy/Work/projects/DEVFLOW_PRO/vendor/laravel/framework/src/Illuminate/Container/BoundMethod.php:36
/home/roshdy/Work/projects/DEVFLOW_PRO/vendor/laravel/framework/src/Illuminate/Container/Util.php:43
/home/roshdy/Work/projects/DEVFLOW_PRO/vendor/laravel/framework/src/Illuminate/Container/BoundMethod.php:96
/home/roshdy/Work/projects/DEVFLOW_PRO/vendor/laravel/framework/src/Illuminate/Container/BoundMethod.php:35
/home/roshdy/Work/projects/DEVFLOW_PRO/vendor/laravel/framework/src/Illuminate/Container/Container.php:836
/home/roshdy/Work/projects/DEVFLOW_PRO/vendor/laravel/framework/src/Illuminate/Console/Command.php:211
/home/roshdy/Work/projects/DEVFLOW_PRO/vendor/symfony/console/Command/Command.php:318
/home/roshdy/Work/projects/DEVFLOW_PRO/vendor/laravel/framework/src/Illuminate/Console/Command.php:180
/home/roshdy/Work/projects/DEVFLOW_PRO/vendor/symfony/console/Application.php:1055
/home/roshdy/Work/projects/DEVFLOW_PRO/vendor/symfony/console/Application.php:356
/home/roshdy/Work/projects/DEVFLOW_PRO/vendor/symfony/console/Application.php:195
/home/roshdy/Work/projects/DEVFLOW_PRO/vendor/laravel/framework/src/Illuminate/Console/Application.php:165
/home/roshdy/Work/projects/DEVFLOW_PRO/vendor/laravel/framework/src/Illuminate/Foundation/Console/Kernel.php:426
/home/roshdy/Work/projects/DEVFLOW_PRO/vendor/laravel/framework/src/Illuminate/Testing/PendingCommand.php:451
/home/roshdy/Work/projects/DEVFLOW_PRO/vendor/laravel/framework/src/Illuminate/Testing/PendingCommand.php:675
/home/roshdy/Work/projects/DEVFLOW_PRO/vendor/laravel/framework/src/Illuminate/Foundation/Testing/Concerns/InteractsWithConsole.php:87
/home/roshdy/Work/projects/DEVFLOW_PRO/vendor/laravel/framework/src/Illuminate/Foundation/Testing/RefreshDatabase.php:101
/home/roshdy/Work/projects/DEVFLOW_PRO/vendor/laravel/framework/src/Illuminate/Foundation/Testing/RefreshDatabase.php:84
/home/roshdy/Work/projects/DEVFLOW_PRO/vendor/laravel/framework/src/Illuminate/Foundation/Testing/RefreshDatabase.php:25
/home/roshdy/Work/projects/DEVFLOW_PRO/vendor/laravel/framework/src/Illuminate/Foundation/Testing/Concerns/InteractsWithTestCaseLifecycle.php:209
/home/roshdy/Work/projects/DEVFLOW_PRO/vendor/laravel/framework/src/Illuminate/Foundation/Testing/Concerns/InteractsWithTestCaseLifecycle.php:97
/home/roshdy/Work/projects/DEVFLOW_PRO/vendor/laravel/framework/src/Illuminate/Foundation/Testing/TestCase.php:44
/home/roshdy/Work/projects/DEVFLOW_PRO/tests/TestCase.php:18
/home/roshdy/Work/projects/DEVFLOW_PRO/tests/Feature/DeploymentTest.php:26</error>
        </testcase>
        <testcase name="deployment_logs_are_stored_correctly" file="/home/roshdy/Work/projects/DEVFLOW_PRO/tests/Feature/DeploymentTest.php" line="213" class="Tests\Feature\DeploymentTest" classname="Tests.Feature.DeploymentTest" assertions="0" time="0.000000">
          <error type="Illuminate\Database\QueryException">Tests\Feature\DeploymentTest::deployment_logs_are_stored_correctly
Illuminate\Database\QueryException: SQLSTATE[42S01]: Base table or view already exists: 1050 Table 'password_reset_tokens' already exists (Connection: mysql, SQL: create table `password_reset_tokens` (`email` varchar(191) not null, `token` varchar(191) not null, `created_at` timestamp null, primary key (`email`)) default character set utf8mb4 collate 'utf8mb4_unicode_ci')

/home/roshdy/Work/projects/DEVFLOW_PRO/vendor/laravel/framework/src/Illuminate/Database/Connection.php:824
/home/roshdy/Work/projects/DEVFLOW_PRO/vendor/laravel/framework/src/Illuminate/Database/Connection.php:778
/home/roshdy/Work/projects/DEVFLOW_PRO/vendor/laravel/framework/src/Illuminate/Database/Connection.php:559
/home/roshdy/Work/projects/DEVFLOW_PRO/vendor/laravel/framework/src/Illuminate/Database/Schema/Blueprint.php:121
/home/roshdy/Work/projects/DEVFLOW_PRO/vendor/laravel/framework/src/Illuminate/Database/Schema/Builder.php:618
/home/roshdy/Work/projects/DEVFLOW_PRO/vendor/laravel/framework/src/Illuminate/Database/Schema/Builder.php:472
/home/roshdy/Work/projects/DEVFLOW_PRO/vendor/laravel/framework/src/Illuminate/Support/Facades/Facade.php:363
/home/roshdy/Work/projects/DEVFLOW_PRO/database/migrations/0001_01_01_000000_create_users_table.php:24
/home/roshdy/Work/projects/DEVFLOW_PRO/vendor/laravel/framework/src/Illuminate/Database/Migrations/Migrator.php:514
/home/roshdy/Work/projects/DEVFLOW_PRO/vendor/laravel/framework/src/Illuminate/Database/Migrations/Migrator.php:439
/home/roshdy/Work/projects/DEVFLOW_PRO/vendor/laravel/framework/src/Illuminate/Database/Migrations/Migrator.php:448
/home/roshdy/Work/projects/DEVFLOW_PRO/vendor/laravel/framework/src/Illuminate/Database/Migrations/Migrator.php:250
/home/roshdy/Work/projects/DEVFLOW_PRO/vendor/laravel/framework/src/Illuminate/Console/View/Components/Task.php:41
/home/roshdy/Work/projects/DEVFLOW_PRO/vendor/laravel/framework/src/Illuminate/Database/Migrations/Migrator.php:809
/home/roshdy/Work/projects/DEVFLOW_PRO/vendor/laravel/framework/src/Illuminate/Database/Migrations/Migrator.php:250
/home/roshdy/Work/projects/DEVFLOW_PRO/vendor/laravel/framework/src/Illuminate/Database/Migrations/Migrator.php:210
/home/roshdy/Work/projects/DEVFLOW_PRO/vendor/laravel/framework/src/Illuminate/Database/Migrations/Migrator.php:137
/home/roshdy/Work/projects/DEVFLOW_PRO/vendor/laravel/framework/src/Illuminate/Database/Console/Migrations/MigrateCommand.php:116
/home/roshdy/Work/projects/DEVFLOW_PRO/vendor/laravel/framework/src/Illuminate/Database/Migrations/Migrator.php:666
/home/roshdy/Work/projects/DEVFLOW_PRO/vendor/laravel/framework/src/Illuminate/Database/Console/Migrations/MigrateCommand.php:109
/home/roshdy/Work/projects/DEVFLOW_PRO/vendor/laravel/framework/src/Illuminate/Database/Console/Migrations/MigrateCommand.php:88
/home/roshdy/Work/projects/DEVFLOW_PRO/vendor/laravel/framework/src/Illuminate/Container/BoundMethod.php:36
/home/roshdy/Work/projects/DEVFLOW_PRO/vendor/laravel/framework/src/Illuminate/Container/Util.php:43
/home/roshdy/Work/projects/DEVFLOW_PRO/vendor/laravel/framework/src/Illuminate/Container/BoundMethod.php:96
/home/roshdy/Work/projects/DEVFLOW_PRO/vendor/laravel/framework/src/Illuminate/Container/BoundMethod.php:35
/home/roshdy/Work/projects/DEVFLOW_PRO/vendor/laravel/framework/src/Illuminate/Container/Container.php:836
/home/roshdy/Work/projects/DEVFLOW_PRO/vendor/laravel/framework/src/Illuminate/Console/Command.php:211
/home/roshdy/Work/projects/DEVFLOW_PRO/vendor/symfony/console/Command/Command.php:318
/home/roshdy/Work/projects/DEVFLOW_PRO/vendor/laravel/framework/src/Illuminate/Console/Command.php:180
/home/roshdy/Work/projects/DEVFLOW_PRO/vendor/laravel/framework/src/Illuminate/Console/Concerns/CallsCommands.php:68
/home/roshdy/Work/projects/DEVFLOW_PRO/vendor/laravel/framework/src/Illuminate/Console/Concerns/CallsCommands.php:29
/home/roshdy/Work/projects/DEVFLOW_PRO/vendor/laravel/framework/src/Illuminate/Database/Console/Migrations/FreshCommand.php:81
/home/roshdy/Work/projects/DEVFLOW_PRO/vendor/laravel/framework/src/Illuminate/Container/BoundMethod.php:36
/home/roshdy/Work/projects/DEVFLOW_PRO/vendor/laravel/framework/src/Illuminate/Container/Util.php:43
/home/roshdy/Work/projects/DEVFLOW_PRO/vendor/laravel/framework/src/Illuminate/Container/BoundMethod.php:96
/home/roshdy/Work/projects/DEVFLOW_PRO/vendor/laravel/framework/src/Illuminate/Container/BoundMethod.php:35
/home/roshdy/Work/projects/DEVFLOW_PRO/vendor/laravel/framework/src/Illuminate/Container/Container.php:836
/home/roshdy/Work/projects/DEVFLOW_PRO/vendor/laravel/framework/src/Illuminate/Console/Command.php:211
/home/roshdy/Work/projects/DEVFLOW_PRO/vendor/symfony/console/Command/Command.php:318
/home/roshdy/Work/projects/DEVFLOW_PRO/vendor/laravel/framework/src/Illuminate/Console/Command.php:180
/home/roshdy/Work/projects/DEVFLOW_PRO/vendor/symfony/console/Application.php:1055
/home/roshdy/Work/projects/DEVFLOW_PRO/vendor/symfony/console/Application.php:356
/home/roshdy/Work/projects/DEVFLOW_PRO/vendor/symfony/console/Application.php:195
/home/roshdy/Work/projects/DEVFLOW_PRO/vendor/laravel/framework/src/Illuminate/Console/Application.php:165
/home/roshdy/Work/projects/DEVFLOW_PRO/vendor/laravel/framework/src/Illuminate/Foundation/Console/Kernel.php:426
/home/roshdy/Work/projects/DEVFLOW_PRO/vendor/laravel/framework/src/Illuminate/Testing/PendingCommand.php:451
/home/roshdy/Work/projects/DEVFLOW_PRO/vendor/laravel/framework/src/Illuminate/Testing/PendingCommand.php:675
/home/roshdy/Work/projects/DEVFLOW_PRO/vendor/laravel/framework/src/Illuminate/Foundation/Testing/Concerns/InteractsWithConsole.php:87
/home/roshdy/Work/projects/DEVFLOW_PRO/vendor/laravel/framework/src/Illuminate/Foundation/Testing/RefreshDatabase.php:101
/home/roshdy/Work/projects/DEVFLOW_PRO/vendor/laravel/framework/src/Illuminate/Foundation/Testing/RefreshDatabase.php:84
/home/roshdy/Work/projects/DEVFLOW_PRO/vendor/laravel/framework/src/Illuminate/Foundation/Testing/RefreshDatabase.php:25
/home/roshdy/Work/projects/DEVFLOW_PRO/vendor/laravel/framework/src/Illuminate/Foundation/Testing/Concerns/InteractsWithTestCaseLifecycle.php:209
/home/roshdy/Work/projects/DEVFLOW_PRO/vendor/laravel/framework/src/Illuminate/Foundation/Testing/Concerns/InteractsWithTestCaseLifecycle.php:97
/home/roshdy/Work/projects/DEVFLOW_PRO/vendor/laravel/framework/src/Illuminate/Foundation/Testing/TestCase.php:44
/home/roshdy/Work/projects/DEVFLOW_PRO/tests/TestCase.php:18
/home/roshdy/Work/projects/DEVFLOW_PRO/tests/Feature/DeploymentTest.php:26</error>
        </testcase>
        <testcase name="only_successful_deployments_can_be_rollback_targets" file="/home/roshdy/Work/projects/DEVFLOW_PRO/tests/Feature/DeploymentTest.php" line="229" class="Tests\Feature\DeploymentTest" classname="Tests.Feature.DeploymentTest" assertions="0" time="0.000000">
          <error type="Illuminate\Database\QueryException">Tests\Feature\DeploymentTest::only_successful_deployments_can_be_rollback_targets
Illuminate\Database\QueryException: SQLSTATE[42S02]: Base table or view not found: 1146 Table 'devflow_pro_test.servers' doesn't exist (Connection: mysql, SQL: alter table `servers` add index `servers_user_id_status_index`(`user_id`, `status`))

/home/roshdy/Work/projects/DEVFLOW_PRO/vendor/laravel/framework/src/Illuminate/Database/Connection.php:824
/home/roshdy/Work/projects/DEVFLOW_PRO/vendor/laravel/framework/src/Illuminate/Database/Connection.php:778
/home/roshdy/Work/projects/DEVFLOW_PRO/vendor/laravel/framework/src/Illuminate/Database/Connection.php:559
/home/roshdy/Work/projects/DEVFLOW_PRO/vendor/laravel/framework/src/Illuminate/Database/Schema/Blueprint.php:121
/home/roshdy/Work/projects/DEVFLOW_PRO/vendor/laravel/framework/src/Illuminate/Database/Schema/Builder.php:618
/home/roshdy/Work/projects/DEVFLOW_PRO/vendor/laravel/framework/src/Illuminate/Database/Schema/Builder.php:472
/home/roshdy/Work/projects/DEVFLOW_PRO/vendor/laravel/framework/src/Illuminate/Support/Facades/Facade.php:363
/home/roshdy/Work/projects/DEVFLOW_PRO/database/migrations/2024_01_02_000001_create_servers_table.php:11
/home/roshdy/Work/projects/DEVFLOW_PRO/vendor/laravel/framework/src/Illuminate/Database/Migrations/Migrator.php:514
/home/roshdy/Work/projects/DEVFLOW_PRO/vendor/laravel/framework/src/Illuminate/Database/Migrations/Migrator.php:439
/home/roshdy/Work/projects/DEVFLOW_PRO/vendor/laravel/framework/src/Illuminate/Database/Migrations/Migrator.php:448
/home/roshdy/Work/projects/DEVFLOW_PRO/vendor/laravel/framework/src/Illuminate/Database/Migrations/Migrator.php:250
/home/roshdy/Work/projects/DEVFLOW_PRO/vendor/laravel/framework/src/Illuminate/Console/View/Components/Task.php:41
/home/roshdy/Work/projects/DEVFLOW_PRO/vendor/laravel/framework/src/Illuminate/Database/Migrations/Migrator.php:809
/home/roshdy/Work/projects/DEVFLOW_PRO/vendor/laravel/framework/src/Illuminate/Database/Migrations/Migrator.php:250
/home/roshdy/Work/projects/DEVFLOW_PRO/vendor/laravel/framework/src/Illuminate/Database/Migrations/Migrator.php:210
/home/roshdy/Work/projects/DEVFLOW_PRO/vendor/laravel/framework/src/Illuminate/Database/Migrations/Migrator.php:137
/home/roshdy/Work/projects/DEVFLOW_PRO/vendor/laravel/framework/src/Illuminate/Database/Console/Migrations/MigrateCommand.php:116
/home/roshdy/Work/projects/DEVFLOW_PRO/vendor/laravel/framework/src/Illuminate/Database/Migrations/Migrator.php:666
/home/roshdy/Work/projects/DEVFLOW_PRO/vendor/laravel/framework/src/Illuminate/Database/Console/Migrations/MigrateCommand.php:109
/home/roshdy/Work/projects/DEVFLOW_PRO/vendor/laravel/framework/src/Illuminate/Database/Console/Migrations/MigrateCommand.php:88
/home/roshdy/Work/projects/DEVFLOW_PRO/vendor/laravel/framework/src/Illuminate/Container/BoundMethod.php:36
/home/roshdy/Work/projects/DEVFLOW_PRO/vendor/laravel/framework/src/Illuminate/Container/Util.php:43
/home/roshdy/Work/projects/DEVFLOW_PRO/vendor/laravel/framework/src/Illuminate/Container/BoundMethod.php:96
/home/roshdy/Work/projects/DEVFLOW_PRO/vendor/laravel/framework/src/Illuminate/Container/BoundMethod.php:35
/home/roshdy/Work/projects/DEVFLOW_PRO/vendor/laravel/framework/src/Illuminate/Container/Container.php:836
/home/roshdy/Work/projects/DEVFLOW_PRO/vendor/laravel/framework/src/Illuminate/Console/Command.php:211
/home/roshdy/Work/projects/DEVFLOW_PRO/vendor/symfony/console/Command/Command.php:318
/home/roshdy/Work/projects/DEVFLOW_PRO/vendor/laravel/framework/src/Illuminate/Console/Command.php:180
/home/roshdy/Work/projects/DEVFLOW_PRO/vendor/laravel/framework/src/Illuminate/Console/Concerns/CallsCommands.php:68
/home/roshdy/Work/projects/DEVFLOW_PRO/vendor/laravel/framework/src/Illuminate/Console/Concerns/CallsCommands.php:29
/home/roshdy/Work/projects/DEVFLOW_PRO/vendor/laravel/framework/src/Illuminate/Database/Console/Migrations/FreshCommand.php:81
/home/roshdy/Work/projects/DEVFLOW_PRO/vendor/laravel/framework/src/Illuminate/Container/BoundMethod.php:36
/home/roshdy/Work/projects/DEVFLOW_PRO/vendor/laravel/framework/src/Illuminate/Container/Util.php:43
/home/roshdy/Work/projects/DEVFLOW_PRO/vendor/laravel/framework/src/Illuminate/Container/BoundMethod.php:96
/home/roshdy/Work/projects/DEVFLOW_PRO/vendor/laravel/framework/src/Illuminate/Container/BoundMethod.php:35
/home/roshdy/Work/projects/DEVFLOW_PRO/vendor/laravel/framework/src/Illuminate/Container/Container.php:836
/home/roshdy/Work/projects/DEVFLOW_PRO/vendor/laravel/framework/src/Illuminate/Console/Command.php:211
/home/roshdy/Work/projects/DEVFLOW_PRO/vendor/symfony/console/Command/Command.php:318
/home/roshdy/Work/projects/DEVFLOW_PRO/vendor/laravel/framework/src/Illuminate/Console/Command.php:180
/home/roshdy/Work/projects/DEVFLOW_PRO/vendor/symfony/console/Application.php:1055
/home/roshdy/Work/projects/DEVFLOW_PRO/vendor/symfony/console/Application.php:356
/home/roshdy/Work/projects/DEVFLOW_PRO/vendor/symfony/console/Application.php:195
/home/roshdy/Work/projects/DEVFLOW_PRO/vendor/laravel/framework/src/Illuminate/Console/Application.php:165
/home/roshdy/Work/projects/DEVFLOW_PRO/vendor/laravel/framework/src/Illuminate/Foundation/Console/Kernel.php:426
/home/roshdy/Work/projects/DEVFLOW_PRO/vendor/laravel/framework/src/Illuminate/Testing/PendingCommand.php:451
/home/roshdy/Work/projects/DEVFLOW_PRO/vendor/laravel/framework/src/Illuminate/Testing/PendingCommand.php:675
/home/roshdy/Work/projects/DEVFLOW_PRO/vendor/laravel/framework/src/Illuminate/Foundation/Testing/Concerns/InteractsWithConsole.php:87
/home/roshdy/Work/projects/DEVFLOW_PRO/vendor/laravel/framework/src/Illuminate/Foundation/Testing/RefreshDatabase.php:101
/home/roshdy/Work/projects/DEVFLOW_PRO/vendor/laravel/framework/src/Illuminate/Foundation/Testing/RefreshDatabase.php:84
/home/roshdy/Work/projects/DEVFLOW_PRO/vendor/laravel/framework/src/Illuminate/Foundation/Testing/RefreshDatabase.php:25
/home/roshdy/Work/projects/DEVFLOW_PRO/vendor/laravel/framework/src/Illuminate/Foundation/Testing/Concerns/InteractsWithTestCaseLifecycle.php:209
/home/roshdy/Work/projects/DEVFLOW_PRO/vendor/laravel/framework/src/Illuminate/Foundation/Testing/Concerns/InteractsWithTestCaseLifecycle.php:97
/home/roshdy/Work/projects/DEVFLOW_PRO/vendor/laravel/framework/src/Illuminate/Foundation/Testing/TestCase.php:44
/home/roshdy/Work/projects/DEVFLOW_PRO/tests/TestCase.php:18
/home/roshdy/Work/projects/DEVFLOW_PRO/tests/Feature/DeploymentTest.php:26</error>
        </testcase>
        <testcase name="deployment_webhook_triggers_auto_deploy" file="/home/roshdy/Work/projects/DEVFLOW_PRO/tests/Feature/DeploymentTest.php" line="253" class="Tests\Feature\DeploymentTest" classname="Tests.Feature.DeploymentTest" assertions="0" time="0.000000">
          <error type="Illuminate\Database\QueryException">Tests\Feature\DeploymentTest::deployment_webhook_triggers_auto_deploy
Illuminate\Database\QueryException: SQLSTATE[42S01]: Base table or view already exists: 1050 Table 'migrations' already exists (Connection: mysql, SQL: create table `migrations` (`id` int unsigned not null auto_increment primary key, `migration` varchar(191) not null, `batch` int not null) default character set utf8mb4 collate 'utf8mb4_unicode_ci')

/home/roshdy/Work/projects/DEVFLOW_PRO/vendor/laravel/framework/src/Illuminate/Database/Connection.php:824
/home/roshdy/Work/projects/DEVFLOW_PRO/vendor/laravel/framework/src/Illuminate/Database/Connection.php:778
/home/roshdy/Work/projects/DEVFLOW_PRO/vendor/laravel/framework/src/Illuminate/Database/Connection.php:559
/home/roshdy/Work/projects/DEVFLOW_PRO/vendor/laravel/framework/src/Illuminate/Database/Schema/Blueprint.php:121
/home/roshdy/Work/projects/DEVFLOW_PRO/vendor/laravel/framework/src/Illuminate/Database/Schema/Builder.php:618
/home/roshdy/Work/projects/DEVFLOW_PRO/vendor/laravel/framework/src/Illuminate/Database/Schema/Builder.php:472
/home/roshdy/Work/projects/DEVFLOW_PRO/vendor/laravel/framework/src/Illuminate/Database/Migrations/DatabaseMigrationRepository.php:166
/home/roshdy/Work/projects/DEVFLOW_PRO/vendor/laravel/framework/src/Illuminate/Database/Console/Migrations/InstallCommand.php:56
/home/roshdy/Work/projects/DEVFLOW_PRO/vendor/laravel/framework/src/Illuminate/Container/BoundMethod.php:36
/home/roshdy/Work/projects/DEVFLOW_PRO/vendor/laravel/framework/src/Illuminate/Container/Util.php:43
/home/roshdy/Work/projects/DEVFLOW_PRO/vendor/laravel/framework/src/Illuminate/Container/BoundMethod.php:96
/home/roshdy/Work/projects/DEVFLOW_PRO/vendor/laravel/framework/src/Illuminate/Container/BoundMethod.php:35
/home/roshdy/Work/projects/DEVFLOW_PRO/vendor/laravel/framework/src/Illuminate/Container/Container.php:836
/home/roshdy/Work/projects/DEVFLOW_PRO/vendor/laravel/framework/src/Illuminate/Console/Command.php:211
/home/roshdy/Work/projects/DEVFLOW_PRO/vendor/symfony/console/Command/Command.php:318
/home/roshdy/Work/projects/DEVFLOW_PRO/vendor/laravel/framework/src/Illuminate/Console/Command.php:180
/home/roshdy/Work/projects/DEVFLOW_PRO/vendor/laravel/framework/src/Illuminate/Console/Concerns/CallsCommands.php:68
/home/roshdy/Work/projects/DEVFLOW_PRO/vendor/laravel/framework/src/Illuminate/Console/Concerns/CallsCommands.php:41
/home/roshdy/Work/projects/DEVFLOW_PRO/vendor/laravel/framework/src/Illuminate/Database/Console/Migrations/MigrateCommand.php:144
/home/roshdy/Work/projects/DEVFLOW_PRO/vendor/laravel/framework/src/Illuminate/Console/View/Components/Task.php:41
/home/roshdy/Work/projects/DEVFLOW_PRO/vendor/laravel/framework/src/Illuminate/Console/View/Components/Factory.php:59
/home/roshdy/Work/projects/DEVFLOW_PRO/vendor/laravel/framework/src/Illuminate/Database/Console/Migrations/MigrateCommand.php:143
/home/roshdy/Work/projects/DEVFLOW_PRO/vendor/laravel/framework/src/Illuminate/Database/Console/Migrations/MigrateCommand.php:110
/home/roshdy/Work/projects/DEVFLOW_PRO/vendor/laravel/framework/src/Illuminate/Database/Migrations/Migrator.php:666
/home/roshdy/Work/projects/DEVFLOW_PRO/vendor/laravel/framework/src/Illuminate/Database/Console/Migrations/MigrateCommand.php:109
/home/roshdy/Work/projects/DEVFLOW_PRO/vendor/laravel/framework/src/Illuminate/Database/Console/Migrations/MigrateCommand.php:88
/home/roshdy/Work/projects/DEVFLOW_PRO/vendor/laravel/framework/src/Illuminate/Container/BoundMethod.php:36
/home/roshdy/Work/projects/DEVFLOW_PRO/vendor/laravel/framework/src/Illuminate/Container/Util.php:43
/home/roshdy/Work/projects/DEVFLOW_PRO/vendor/laravel/framework/src/Illuminate/Container/BoundMethod.php:96
/home/roshdy/Work/projects/DEVFLOW_PRO/vendor/laravel/framework/src/Illuminate/Container/BoundMethod.php:35
/home/roshdy/Work/projects/DEVFLOW_PRO/vendor/laravel/framework/src/Illuminate/Container/Container.php:836
/home/roshdy/Work/projects/DEVFLOW_PRO/vendor/laravel/framework/src/Illuminate/Console/Command.php:211
/home/roshdy/Work/projects/DEVFLOW_PRO/vendor/symfony/console/Command/Command.php:318
/home/roshdy/Work/projects/DEVFLOW_PRO/vendor/laravel/framework/src/Illuminate/Console/Command.php:180
/home/roshdy/Work/projects/DEVFLOW_PRO/vendor/laravel/framework/src/Illuminate/Console/Concerns/CallsCommands.php:68
/home/roshdy/Work/projects/DEVFLOW_PRO/vendor/laravel/framework/src/Illuminate/Console/Concerns/CallsCommands.php:29
/home/roshdy/Work/projects/DEVFLOW_PRO/vendor/laravel/framework/src/Illuminate/Database/Console/Migrations/FreshCommand.php:81
/home/roshdy/Work/projects/DEVFLOW_PRO/vendor/laravel/framework/src/Illuminate/Container/BoundMethod.php:36
/home/roshdy/Work/projects/DEVFLOW_PRO/vendor/laravel/framework/src/Illuminate/Container/Util.php:43
/home/roshdy/Work/projects/DEVFLOW_PRO/vendor/laravel/framework/src/Illuminate/Container/BoundMethod.php:96
/home/roshdy/Work/projects/DEVFLOW_PRO/vendor/laravel/framework/src/Illuminate/Container/BoundMethod.php:35
/home/roshdy/Work/projects/DEVFLOW_PRO/vendor/laravel/framework/src/Illuminate/Container/Container.php:836
/home/roshdy/Work/projects/DEVFLOW_PRO/vendor/laravel/framework/src/Illuminate/Console/Command.php:211
/home/roshdy/Work/projects/DEVFLOW_PRO/vendor/symfony/console/Command/Command.php:318
/home/roshdy/Work/projects/DEVFLOW_PRO/vendor/laravel/framework/src/Illuminate/Console/Command.php:180
/home/roshdy/Work/projects/DEVFLOW_PRO/vendor/symfony/console/Application.php:1055
/home/roshdy/Work/projects/DEVFLOW_PRO/vendor/symfony/console/Application.php:356
/home/roshdy/Work/projects/DEVFLOW_PRO/vendor/symfony/console/Application.php:195
/home/roshdy/Work/projects/DEVFLOW_PRO/vendor/laravel/framework/src/Illuminate/Console/Application.php:165
/home/roshdy/Work/projects/DEVFLOW_PRO/vendor/laravel/framework/src/Illuminate/Foundation/Console/Kernel.php:426
/home/roshdy/Work/projects/DEVFLOW_PRO/vendor/laravel/framework/src/Illuminate/Testing/PendingCommand.php:451
/home/roshdy/Work/projects/DEVFLOW_PRO/vendor/laravel/framework/src/Illuminate/Testing/PendingCommand.php:675
/home/roshdy/Work/projects/DEVFLOW_PRO/vendor/laravel/framework/src/Illuminate/Foundation/Testing/Concerns/InteractsWithConsole.php:87
/home/roshdy/Work/projects/DEVFLOW_PRO/vendor/laravel/framework/src/Illuminate/Foundation/Testing/RefreshDatabase.php:101
/home/roshdy/Work/projects/DEVFLOW_PRO/vendor/laravel/framework/src/Illuminate/Foundation/Testing/RefreshDatabase.php:84
/home/roshdy/Work/projects/DEVFLOW_PRO/vendor/laravel/framework/src/Illuminate/Foundation/Testing/RefreshDatabase.php:25
/home/roshdy/Work/projects/DEVFLOW_PRO/vendor/laravel/framework/src/Illuminate/Foundation/Testing/Concerns/InteractsWithTestCaseLifecycle.php:209
/home/roshdy/Work/projects/DEVFLOW_PRO/vendor/laravel/framework/src/Illuminate/Foundation/Testing/Concerns/InteractsWithTestCaseLifecycle.php:97
/home/roshdy/Work/projects/DEVFLOW_PRO/vendor/laravel/framework/src/Illuminate/Foundation/Testing/TestCase.php:44
/home/roshdy/Work/projects/DEVFLOW_PRO/tests/TestCase.php:18
/home/roshdy/Work/projects/DEVFLOW_PRO/tests/Feature/DeploymentTest.php:26</error>
        </testcase>
      </testsuite>
      <testsuite name="Tests\Feature\GitServiceTest" file="/home/roshdy/Work/projects/DEVFLOW_PRO/tests/Feature/GitServiceTest.php" tests="8" assertions="0" errors="8" failures="0" skipped="0" time="0.000000">
        <testcase name="ssh_command_escapes_single_quotes_correctly" file="/home/roshdy/Work/projects/DEVFLOW_PRO/tests/Feature/GitServiceTest.php" line="43" class="Tests\Feature\GitServiceTest" classname="Tests.Feature.GitServiceTest" assertions="0" time="0.000000">
          <error type="Illuminate\Database\QueryException">Tests\Feature\GitServiceTest::ssh_command_escapes_single_quotes_correctly
Illuminate\Database\QueryException: SQLSTATE[42S01]: Base table or view already exists: 1050 Table 'users' already exists (Connection: mysql, SQL: create table `users` (`id` bigint unsigned not null auto_increment primary key, `name` varchar(191) not null, `email` varchar(191) not null, `email_verified_at` timestamp null, `password` varchar(191) not null, `avatar` varchar(191) null, `timezone` varchar(191) not null default 'UTC', `last_login_at` timestamp null, `remember_token` varchar(100) null, `created_at` timestamp null, `updated_at` timestamp null) default character set utf8mb4 collate 'utf8mb4_unicode_ci')

/home/roshdy/Work/projects/DEVFLOW_PRO/vendor/laravel/framework/src/Illuminate/Database/Connection.php:824
/home/roshdy/Work/projects/DEVFLOW_PRO/vendor/laravel/framework/src/Illuminate/Database/Connection.php:778
/home/roshdy/Work/projects/DEVFLOW_PRO/vendor/laravel/framework/src/Illuminate/Database/Connection.php:559
/home/roshdy/Work/projects/DEVFLOW_PRO/vendor/laravel/framework/src/Illuminate/Database/Schema/Blueprint.php:121
/home/roshdy/Work/projects/DEVFLOW_PRO/vendor/laravel/framework/src/Illuminate/Database/Schema/Builder.php:618
/home/roshdy/Work/projects/DEVFLOW_PRO/vendor/laravel/framework/src/Illuminate/Database/Schema/Builder.php:472
/home/roshdy/Work/projects/DEVFLOW_PRO/vendor/laravel/framework/src/Illuminate/Support/Facades/Facade.php:363
/home/roshdy/Work/projects/DEVFLOW_PRO/database/migrations/0001_01_01_000000_create_users_table.php:11
/home/roshdy/Work/projects/DEVFLOW_PRO/vendor/laravel/framework/src/Illuminate/Database/Migrations/Migrator.php:514
/home/roshdy/Work/projects/DEVFLOW_PRO/vendor/laravel/framework/src/Illuminate/Database/Migrations/Migrator.php:439
/home/roshdy/Work/projects/DEVFLOW_PRO/vendor/laravel/framework/src/Illuminate/Database/Migrations/Migrator.php:448
/home/roshdy/Work/projects/DEVFLOW_PRO/vendor/laravel/framework/src/Illuminate/Database/Migrations/Migrator.php:250
/home/roshdy/Work/projects/DEVFLOW_PRO/vendor/laravel/framework/src/Illuminate/Console/View/Components/Task.php:41
/home/roshdy/Work/projects/DEVFLOW_PRO/vendor/laravel/framework/src/Illuminate/Database/Migrations/Migrator.php:809
/home/roshdy/Work/projects/DEVFLOW_PRO/vendor/laravel/framework/src/Illuminate/Database/Migrations/Migrator.php:250
/home/roshdy/Work/projects/DEVFLOW_PRO/vendor/laravel/framework/src/Illuminate/Database/Migrations/Migrator.php:210
/home/roshdy/Work/projects/DEVFLOW_PRO/vendor/laravel/framework/src/Illuminate/Database/Migrations/Migrator.php:137
/home/roshdy/Work/projects/DEVFLOW_PRO/vendor/laravel/framework/src/Illuminate/Database/Console/Migrations/MigrateCommand.php:116
/home/roshdy/Work/projects/DEVFLOW_PRO/vendor/laravel/framework/src/Illuminate/Database/Migrations/Migrator.php:666
/home/roshdy/Work/projects/DEVFLOW_PRO/vendor/laravel/framework/src/Illuminate/Database/Console/Migrations/MigrateCommand.php:109
/home/roshdy/Work/projects/DEVFLOW_PRO/vendor/laravel/framework/src/Illuminate/Database/Console/Migrations/MigrateCommand.php:88
/home/roshdy/Work/projects/DEVFLOW_PRO/vendor/laravel/framework/src/Illuminate/Container/BoundMethod.php:36
/home/roshdy/Work/projects/DEVFLOW_PRO/vendor/laravel/framework/src/Illuminate/Container/Util.php:43
/home/roshdy/Work/projects/DEVFLOW_PRO/vendor/laravel/framework/src/Illuminate/Container/BoundMethod.php:96
/home/roshdy/Work/projects/DEVFLOW_PRO/vendor/laravel/framework/src/Illuminate/Container/BoundMethod.php:35
/home/roshdy/Work/projects/DEVFLOW_PRO/vendor/laravel/framework/src/Illuminate/Container/Container.php:836
/home/roshdy/Work/projects/DEVFLOW_PRO/vendor/laravel/framework/src/Illuminate/Console/Command.php:211
/home/roshdy/Work/projects/DEVFLOW_PRO/vendor/symfony/console/Command/Command.php:318
/home/roshdy/Work/projects/DEVFLOW_PRO/vendor/laravel/framework/src/Illuminate/Console/Command.php:180
/home/roshdy/Work/projects/DEVFLOW_PRO/vendor/laravel/framework/src/Illuminate/Console/Concerns/CallsCommands.php:68
/home/roshdy/Work/projects/DEVFLOW_PRO/vendor/laravel/framework/src/Illuminate/Console/Concerns/CallsCommands.php:29
/home/roshdy/Work/projects/DEVFLOW_PRO/vendor/laravel/framework/src/Illuminate/Database/Console/Migrations/FreshCommand.php:81
/home/roshdy/Work/projects/DEVFLOW_PRO/vendor/laravel/framework/src/Illuminate/Container/BoundMethod.php:36
/home/roshdy/Work/projects/DEVFLOW_PRO/vendor/laravel/framework/src/Illuminate/Container/Util.php:43
/home/roshdy/Work/projects/DEVFLOW_PRO/vendor/laravel/framework/src/Illuminate/Container/BoundMethod.php:96
/home/roshdy/Work/projects/DEVFLOW_PRO/vendor/laravel/framework/src/Illuminate/Container/BoundMethod.php:35
/home/roshdy/Work/projects/DEVFLOW_PRO/vendor/laravel/framework/src/Illuminate/Container/Container.php:836
/home/roshdy/Work/projects/DEVFLOW_PRO/vendor/laravel/framework/src/Illuminate/Console/Command.php:211
/home/roshdy/Work/projects/DEVFLOW_PRO/vendor/symfony/console/Command/Command.php:318
/home/roshdy/Work/projects/DEVFLOW_PRO/vendor/laravel/framework/src/Illuminate/Console/Command.php:180
/home/roshdy/Work/projects/DEVFLOW_PRO/vendor/symfony/console/Application.php:1055
/home/roshdy/Work/projects/DEVFLOW_PRO/vendor/symfony/console/Application.php:356
/home/roshdy/Work/projects/DEVFLOW_PRO/vendor/symfony/console/Application.php:195
/home/roshdy/Work/projects/DEVFLOW_PRO/vendor/laravel/framework/src/Illuminate/Console/Application.php:165
/home/roshdy/Work/projects/DEVFLOW_PRO/vendor/laravel/framework/src/Illuminate/Foundation/Console/Kernel.php:426
/home/roshdy/Work/projects/DEVFLOW_PRO/vendor/laravel/framework/src/Illuminate/Testing/PendingCommand.php:451
/home/roshdy/Work/projects/DEVFLOW_PRO/vendor/laravel/framework/src/Illuminate/Testing/PendingCommand.php:675
/home/roshdy/Work/projects/DEVFLOW_PRO/vendor/laravel/framework/src/Illuminate/Foundation/Testing/Concerns/InteractsWithConsole.php:87
/home/roshdy/Work/projects/DEVFLOW_PRO/vendor/laravel/framework/src/Illuminate/Foundation/Testing/RefreshDatabase.php:101
/home/roshdy/Work/projects/DEVFLOW_PRO/vendor/laravel/framework/src/Illuminate/Foundation/Testing/RefreshDatabase.php:84
/home/roshdy/Work/projects/DEVFLOW_PRO/vendor/laravel/framework/src/Illuminate/Foundation/Testing/RefreshDatabase.php:25
/home/roshdy/Work/projects/DEVFLOW_PRO/vendor/laravel/framework/src/Illuminate/Foundation/Testing/Concerns/InteractsWithTestCaseLifecycle.php:209
/home/roshdy/Work/projects/DEVFLOW_PRO/vendor/laravel/framework/src/Illuminate/Foundation/Testing/Concerns/InteractsWithTestCaseLifecycle.php:97
/home/roshdy/Work/projects/DEVFLOW_PRO/vendor/laravel/framework/src/Illuminate/Foundation/Testing/TestCase.php:44
/home/roshdy/Work/projects/DEVFLOW_PRO/tests/TestCase.php:18
/home/roshdy/Work/projects/DEVFLOW_PRO/tests/Feature/GitServiceTest.php:25</error>
        </testcase>
        <testcase name="ssh_command_preserves_git_format_strings" file="/home/roshdy/Work/projects/DEVFLOW_PRO/tests/Feature/GitServiceTest.php" line="59" class="Tests\Feature\GitServiceTest" classname="Tests.Feature.GitServiceTest" assertions="0" time="0.000000">
          <error type="Illuminate\Database\QueryException">Tests\Feature\GitServiceTest::ssh_command_preserves_git_format_strings
[...]
/home/roshdy/Work/projects/DEVFLOW_PRO/vendor/laravel/framework/src/Illuminate/Support/Facades/Facade.php:363
/home/roshdy/Work/projects/DEVFLOW_PRO/database/migrations/0001_01_01_000000_create_users_table.php:24
/home/roshdy/Work/projects/DEVFLOW_PRO/vendor/laravel/framework/src/Illuminate/Database/Migrations/Migrator.php:514
/home/roshdy/Work/projects/DEVFLOW_PRO/vendor/laravel/framework/src/Illuminate/Database/Migrations/Migrator.php:439
/home/roshdy/Work/projects/DEVFLOW_PRO/vendor/laravel/framework/src/Illuminate/Database/Migrations/Migrator.php:448
/home/roshdy/Work/projects/DEVFLOW_PRO/vendor/laravel/framework/src/Illuminate/Database/Migrations/Migrator.php:250
/home/roshdy/Work/projects/DEVFLOW_PRO/vendor/laravel/framework/src/Illuminate/Console/View/Components/Task.php:41
/home/roshdy/Work/projects/DEVFLOW_PRO/vendor/laravel/framework/src/Illuminate/Database/Migrations/Migrator.php:809
/home/roshdy/Work/projects/DEVFLOW_PRO/vendor/laravel/framework/src/Illuminate/Database/Migrations/Migrator.php:250
/home/roshdy/Work/projects/DEVFLOW_PRO/vendor/laravel/framework/src/Illuminate/Database/Migrations/Migrator.php:210
/home/roshdy/Work/projects/DEVFLOW_PRO/vendor/laravel/framework/src/Illuminate/Database/Migrations/Migrator.php:137
/home/roshdy/Work/projects/DEVFLOW_PRO/vendor/laravel/framework/src/Illuminate/Database/Console/Migrations/MigrateCommand.php:116
/home/roshdy/Work/projects/DEVFLOW_PRO/vendor/laravel/framework/src/Illuminate/Database/Migrations/Migrator.php:666
/home/roshdy/Work/projects/DEVFLOW_PRO/vendor/laravel/framework/src/Illuminate/Database/Console/Migrations/MigrateCommand.php:109
/home/roshdy/Work/projects/DEVFLOW_PRO/vendor/laravel/framework/src/Illuminate/Database/Console/Migrations/MigrateCommand.php:88
/home/roshdy/Work/projects/DEVFLOW_PRO/vendor/laravel/framework/src/Illuminate/Container/BoundMethod.php:36
/home/roshdy/Work/projects/DEVFLOW_PRO/vendor/laravel/framework/src/Illuminate/Container/Util.php:43
/home/roshdy/Work/projects/DEVFLOW_PRO/vendor/laravel/framework/src/Illuminate/Container/BoundMethod.php:96
/home/roshdy/Work/projects/DEVFLOW_PRO/vendor/laravel/framework/src/Illuminate/Container/BoundMethod.php:35
/home/roshdy/Work/projects/DEVFLOW_PRO/vendor/laravel/framework/src/Illuminate/Container/Container.php:836
/home/roshdy/Work/projects/DEVFLOW_PRO/vendor/laravel/framework/src/Illuminate/Console/Command.php:211
/home/roshdy/Work/projects/DEVFLOW_PRO/vendor/symfony/console/Command/Command.php:318
/home/roshdy/Work/projects/DEVFLOW_PRO/vendor/laravel/framework/src/Illuminate/Console/Command.php:180
/home/roshdy/Work/projects/DEVFLOW_PRO/vendor/laravel/framework/src/Illuminate/Console/Concerns/CallsCommands.php:68
/home/roshdy/Work/projects/DEVFLOW_PRO/vendor/laravel/framework/src/Illuminate/Console/Concerns/CallsCommands.php:29
/home/roshdy/Work/projects/DEVFLOW_PRO/vendor/laravel/framework/src/Illuminate/Database/Console/Migrations/FreshCommand.php:81
/home/roshdy/Work/projects/DEVFLOW_PRO/vendor/laravel/framework/src/Illuminate/Container/BoundMethod.php:36
/home/roshdy/Work/projects/DEVFLOW_PRO/vendor/laravel/framework/src/Illuminate/Container/Util.php:43
/home/roshdy/Work/projects/DEVFLOW_PRO/vendor/laravel/framework/src/Illuminate/Container/BoundMethod.php:96
/home/roshdy/Work/projects/DEVFLOW_PRO/vendor/laravel/framework/src/Illuminate/Container/BoundMethod.php:35
/home/roshdy/Work/projects/DEVFLOW_PRO/vendor/laravel/framework/src/Illuminate/Container/Container.php:836
/home/roshdy/Work/projects/DEVFLOW_PRO/vendor/laravel/framework/src/Illuminate/Console/Command.php:211
/home/roshdy/Work/projects/DEVFLOW_PRO/vendor/symfony/console/Command/Command.php:318
/home/roshdy/Work/projects/DEVFLOW_PRO/vendor/laravel/framework/src/Illuminate/Console/Command.php:180
/home/roshdy/Work/projects/DEVFLOW_PRO/vendor/symfony/console/Application.php:1055
/home/roshdy/Work/projects/DEVFLOW_PRO/vendor/symfony/console/Application.php:356
/home/roshdy/Work/projects/DEVFLOW_PRO/vendor/symfony/console/Application.php:195
/home/roshdy/Work/projects/DEVFLOW_PRO/vendor/laravel/framework/src/Illuminate/Console/Application.php:165
/home/roshdy/Work/projects/DEVFLOW_PRO/vendor/laravel/framework/src/Illuminate/Foundation/Console/Kernel.php:426
/home/roshdy/Work/projects/DEVFLOW_PRO/vendor/laravel/framework/src/Illuminate/Testing/PendingCommand.php:451
/home/roshdy/Work/projects/DEVFLOW_PRO/vendor/laravel/framework/src/Illuminate/Testing/PendingCommand.php:675
/home/roshdy/Work/projects/DEVFLOW_PRO/vendor/laravel/framework/src/Illuminate/Foundation/Testing/Concerns/InteractsWithConsole.php:87
/home/roshdy/Work/projects/DEVFLOW_PRO/vendor/laravel/framework/src/Illuminate/Foundation/Testing/RefreshDatabase.php:101
/home/roshdy/Work/projects/DEVFLOW_PRO/vendor/laravel/framework/src/Illuminate/Foundation/Testing/RefreshDatabase.php:84
/home/roshdy/Work/projects/DEVFLOW_PRO/vendor/laravel/framework/src/Illuminate/Foundation/Testing/RefreshDatabase.php:25
/home/roshdy/Work/projects/DEVFLOW_PRO/vendor/laravel/framework/src/Illuminate/Foundation/Testing/Concerns/InteractsWithTestCaseLifecycle.php:209
/home/roshdy/Work/projects/DEVFLOW_PRO/vendor/laravel/framework/src/Illuminate/Foundation/Testing/Concerns/InteractsWithTestCaseLifecycle.php:97
/home/roshdy/Work/projects/DEVFLOW_PRO/vendor/laravel/framework/src/Illuminate/Foundation/Testing/TestCase.php:44
/home/roshdy/Work/projects/DEVFLOW_PRO/tests/TestCase.php:18
/home/roshdy/Work/projects/DEVFLOW_PRO/tests/Feature/ServerManagementTest.php:21</error>
        </testcase>
        <testcase name="connectivity_service_extracts_numeric_values_correctly" file="/home/roshdy/Work/projects/DEVFLOW_PRO/tests/Feature/ServerManagementTest.php" line="293" class="Tests\Feature\ServerManagementTest" classname="Tests.Feature.ServerManagementTest" assertions="0" time="0.000000">
          <error type="Illuminate\Database\QueryException">Tests\Feature\ServerManagementTest::connectivity_service_extracts_numeric_values_correctly
Illuminate\Database\QueryException: SQLSTATE[42S02]: Base table or view not found: 1146 Table 'devflow_pro_test.servers' doesn't exist (Connection: mysql, SQL: alter table `servers` add index `servers_user_id_status_index`(`user_id`, `status`))

/home/roshdy/Work/projects/DEVFLOW_PRO/vendor/laravel/framework/src/Illuminate/Database/Connection.php:824
/home/roshdy/Work/projects/DEVFLOW_PRO/vendor/laravel/framework/src/Illuminate/Database/Connection.php:778
/home/roshdy/Work/projects/DEVFLOW_PRO/vendor/laravel/framework/src/Illuminate/Database/Connection.php:559
/home/roshdy/Work/projects/DEVFLOW_PRO/vendor/laravel/framework/src/Illuminate/Database/Schema/Blueprint.php:121
/home/roshdy/Work/projects/DEVFLOW_PRO/vendor/laravel/framework/src/Illuminate/Database/Schema/Builder.php:618
/home/roshdy/Work/projects/DEVFLOW_PRO/vendor/laravel/framework/src/Illuminate/Database/Schema/Builder.php:472
/home/roshdy/Work/projects/DEVFLOW_PRO/vendor/laravel/framework/src/Illuminate/Support/Facades/Facade.php:363
/home/roshdy/Work/projects/DEVFLOW_PRO/database/migrations/2024_01_02_000001_create_servers_table.php:11
/home/roshdy/Work/projects/DEVFLOW_PRO/vendor/laravel/framework/src/Illuminate/Database/Migrations/Migrator.php:514
/home/roshdy/Work/projects/DEVFLOW_PRO/vendor/laravel/framework/src/Illuminate/Database/Migrations/Migrator.php:439
/home/roshdy/Work/projects/DEVFLOW_PRO/vendor/laravel/framework/src/Illuminate/Database/Migrations/Migrator.php:448
/home/roshdy/Work/projects/DEVFLOW_PRO/vendor/laravel/framework/src/Illuminate/Database/Migrations/Migrator.php:250
/home/roshdy/Work/projects/DEVFLOW_PRO/vendor/laravel/framework/src/Illuminate/Console/View/Components/Task.php:41
/home/roshdy/Work/projects/DEVFLOW_PRO/vendor/laravel/framework/src/Illuminate/Database/Migrations/Migrator.php:809
/home/roshdy/Work/projects/DEVFLOW_PRO/vendor/laravel/framework/src/Illuminate/Database/Migrations/Migrator.php:250
/home/roshdy/Work/projects/DEVFLOW_PRO/vendor/laravel/framework/src/Illuminate/Database/Migrations/Migrator.php:210
/home/roshdy/Work/projects/DEVFLOW_PRO/vendor/laravel/framework/src/Illuminate/Database/Migrations/Migrator.php:137
/home/roshdy/Work/projects/DEVFLOW_PRO/vendor/laravel/framework/src/Illuminate/Database/Console/Migrations/MigrateCommand.php:116
/home/roshdy/Work/projects/DEVFLOW_PRO/vendor/laravel/framework/src/Illuminate/Database/Migrations/Migrator.php:666
/home/roshdy/Work/projects/DEVFLOW_PRO/vendor/laravel/framework/src/Illuminate/Database/Console/Migrations/MigrateCommand.php:109
/home/roshdy/Work/projects/DEVFLOW_PRO/vendor/laravel/framework/src/Illuminate/Database/Console/Migrations/MigrateCommand.php:88
/home/roshdy/Work/projects/DEVFLOW_PRO/vendor/laravel/framework/src/Illuminate/Container/BoundMethod.php:36
/home/roshdy/Work/projects/DEVFLOW_PRO/vendor/laravel/framework/src/Illuminate/Container/Util.php:43
/home/roshdy/Work/projects/DEVFLOW_PRO/vendor/laravel/framework/src/Illuminate/Container/BoundMethod.php:96
/home/roshdy/Work/projects/DEVFLOW_PRO/vendor/laravel/framework/src/Illuminate/Container/BoundMethod.php:35
/home/roshdy/Work/projects/DEVFLOW_PRO/vendor/laravel/framework/src/Illuminate/Container/Container.php:836
/home/roshdy/Work/projects/DEVFLOW_PRO/vendor/laravel/framework/src/Illuminate/Console/Command.php:211
/home/roshdy/Work/projects/DEVFLOW_PRO/vendor/symfony/console/Command/Command.php:318
/home/roshdy/Work/projects/DEVFLOW_PRO/vendor/laravel/framework/src/Illuminate/Console/Command.php:180
/home/roshdy/Work/projects/DEVFLOW_PRO/vendor/laravel/framework/src/Illuminate/Console/Concerns/CallsCommands.php:68
/home/roshdy/Work/projects/DEVFLOW_PRO/vendor/laravel/framework/src/Illuminate/Console/Concerns/CallsCommands.php:29
/home/roshdy/Work/projects/DEVFLOW_PRO/vendor/laravel/framework/src/Illuminate/Database/Console/Migrations/FreshCommand.php:81
/home/roshdy/Work/projects/DEVFLOW_PRO/vendor/laravel/framework/src/Illuminate/Container/BoundMethod.php:36
/home/roshdy/Work/projects/DEVFLOW_PRO/vendor/laravel/framework/src/Illuminate/Container/Util.php:43
/home/roshdy/Work/projects/DEVFLOW_PRO/vendor/laravel/framework/src/Illuminate/Container/BoundMethod.php:96
/home/roshdy/Work/projects/DEVFLOW_PRO/vendor/laravel/framework/src/Illuminate/Container/BoundMethod.php:35
/home/roshdy/Work/projects/DEVFLOW_PRO/vendor/laravel/framework/src/Illuminate/Container/Container.php:836
/home/roshdy/Work/projects/DEVFLOW_PRO/vendor/laravel/framework/src/Illuminate/Console/Command.php:211
/home/roshdy/Work/projects/DEVFLOW_PRO/vendor/symfony/console/Command/Command.php:318
/home/roshdy/Work/projects/DEVFLOW_PRO/vendor/laravel/framework/src/Illuminate/Console/Command.php:180
/home/roshdy/Work/projects/DEVFLOW_PRO/vendor/symfony/console/Application.php:1055
/home/roshdy/Work/projects/DEVFLOW_PRO/vendor/symfony/console/Application.php:356
/home/roshdy/Work/projects/DEVFLOW_PRO/vendor/symfony/console/Application.php:195
/home/roshdy/Work/projects/DEVFLOW_PRO/vendor/laravel/framework/src/Illuminate/Console/Application.php:165
/home/roshdy/Work/projects/DEVFLOW_PRO/vendor/laravel/framework/src/Illuminate/Foundation/Console/Kernel.php:426
/home/roshdy/Work/projects/DEVFLOW_PRO/vendor/laravel/framework/src/Illuminate/Testing/PendingCommand.php:451
/home/roshdy/Work/projects/DEVFLOW_PRO/vendor/laravel/framework/src/Illuminate/Testing/PendingCommand.php:675
/home/roshdy/Work/projects/DEVFLOW_PRO/vendor/laravel/framework/src/Illuminate/Foundation/Testing/Concerns/InteractsWithConsole.php:87
/home/roshdy/Work/projects/DEVFLOW_PRO/vendor/laravel/framework/src/Illuminate/Foundation/Testing/RefreshDatabase.php:101
/home/roshdy/Work/projects/DEVFLOW_PRO/vendor/laravel/framework/src/Illuminate/Foundation/Testing/RefreshDatabase.php:84
/home/roshdy/Work/projects/DEVFLOW_PRO/vendor/laravel/framework/src/Illuminate/Foundation/Testing/RefreshDatabase.php:25
/home/roshdy/Work/projects/DEVFLOW_PRO/vendor/laravel/framework/src/Illuminate/Foundation/Testing/Concerns/InteractsWithTestCaseLifecycle.php:209
/home/roshdy/Work/projects/DEVFLOW_PRO/vendor/laravel/framework/src/Illuminate/Foundation/Testing/Concerns/InteractsWithTestCaseLifecycle.php:97
/home/roshdy/Work/projects/DEVFLOW_PRO/vendor/laravel/framework/src/Illuminate/Foundation/Testing/TestCase.php:44
/home/roshdy/Work/projects/DEVFLOW_PRO/tests/TestCase.php:18
/home/roshdy/Work/projects/DEVFLOW_PRO/tests/Feature/ServerManagementTest.php:21</error>
        </testcase>
        <testcase name="server_has_correct_relationships" file="/home/roshdy/Work/projects/DEVFLOW_PRO/tests/Feature/ServerManagementTest.php" line="315" class="Tests\Feature\ServerManagementTest" classname="Tests.Feature.ServerManagementTest" assertions="0" time="0.000000">
          <error type="Illuminate\Database\QueryException">Tests\Feature\ServerManagementTest::server_has_correct_relationships
Illuminate\Database\QueryException: SQLSTATE[42S01]: Base table or view already exists: 1050 Table 'migrations' already exists (Connection: mysql, SQL: create table `migrations` (`id` int unsigned not null auto_increment primary key, `migration` varchar(191) not null, `batch` int not null) default character set utf8mb4 collate 'utf8mb4_unicode_ci')

/home/roshdy/Work/projects/DEVFLOW_PRO/vendor/laravel/framework/src/Illuminate/Database/Connection.php:824
/home/roshdy/Work/projects/DEVFLOW_PRO/vendor/laravel/framework/src/Illuminate/Database/Connection.php:778
/home/roshdy/Work/projects/DEVFLOW_PRO/vendor/laravel/framework/src/Illuminate/Database/Connection.php:559
/home/roshdy/Work/projects/DEVFLOW_PRO/vendor/laravel/framework/src/Illuminate/Database/Schema/Blueprint.php:121
/home/roshdy/Work/projects/DEVFLOW_PRO/vendor/laravel/framework/src/Illuminate/Database/Schema/Builder.php:618
/home/roshdy/Work/projects/DEVFLOW_PRO/vendor/laravel/framework/src/Illuminate/Database/Schema/Builder.php:472
/home/roshdy/Work/projects/DEVFLOW_PRO/vendor/laravel/framework/src/Illuminate/Database/Migrations/DatabaseMigrationRepository.php:166
/home/roshdy/Work/projects/DEVFLOW_PRO/vendor/laravel/framework/src/Illuminate/Database/Console/Migrations/InstallCommand.php:56
/home/roshdy/Work/projects/DEVFLOW_PRO/vendor/laravel/framework/src/Illuminate/Container/BoundMethod.php:36
/home/roshdy/Work/projects/DEVFLOW_PRO/vendor/laravel/framework/src/Illuminate/Container/Util.php:43
/home/roshdy/Work/projects/DEVFLOW_PRO/vendor/laravel/framework/src/Illuminate/Container/BoundMethod.php:96
/home/roshdy/Work/projects/DEVFLOW_PRO/vendor/laravel/framework/src/Illuminate/Container/BoundMethod.php:35
/home/roshdy/Work/projects/DEVFLOW_PRO/vendor/laravel/framework/src/Illuminate/Container/Container.php:836
/home/roshdy/Work/projects/DEVFLOW_PRO/vendor/laravel/framework/src/Illuminate/Console/Command.php:211
/home/roshdy/Work/projects/DEVFLOW_PRO/vendor/symfony/console/Command/Command.php:318
/home/roshdy/Work/projects/DEVFLOW_PRO/vendor/laravel/framework/src/Illuminate/Console/Command.php:180
/home/roshdy/Work/projects/DEVFLOW_PRO/vendor/laravel/framework/src/Illuminate/Console/Concerns/CallsCommands.php:68
/home/roshdy/Work/projects/DEVFLOW_PRO/vendor/laravel/framework/src/Illuminate/Console/Concerns/CallsCommands.php:41
/home/roshdy/Work/projects/DEVFLOW_PRO/vendor/laravel/framework/src/Illuminate/Database/Console/Migrations/MigrateCommand.php:144
/home/roshdy/Work/projects/DEVFLOW_PRO/vendor/laravel/framework/src/Illuminate/Console/View/Components/Task.php:41
/home/roshdy/Work/projects/DEVFLOW_PRO/vendor/laravel/framework/src/Illuminate/Console/View/Components/Factory.php:59
/home/roshdy/Work/projects/DEVFLOW_PRO/vendor/laravel/framework/src/Illuminate/Database/Console/Migrations/MigrateCommand.php:143
/home/roshdy/Work/projects/DEVFLOW_PRO/vendor/laravel/framework/src/Illuminate/Database/Console/Migrations/MigrateCommand.php:110
/home/roshdy/Work/projects/DEVFLOW_PRO/vendor/laravel/framework/src/Illuminate/Database/Migrations/Migrator.php:666
/home/roshdy/Work/projects/DEVFLOW_PRO/vendor/laravel/framework/src/Illuminate/Database/Console/Migrations/MigrateCommand.php:109
/home/roshdy/Work/projects/DEVFLOW_PRO/vendor/laravel/framework/src/Illuminate/Database/Console/Migrations/MigrateCommand.php:88
/home/roshdy/Work/projects/DEVFLOW_PRO/vendor/laravel/framework/src/Illuminate/Container/BoundMethod.php:36
/home/roshdy/Work/projects/DEVFLOW_PRO/vendor/laravel/framework/src/Illuminate/Container/Util.php:43
/home/roshdy/Work/projects/DEVFLOW_PRO/vendor/laravel/framework/src/Illuminate/Container/BoundMethod.php:96
/home/roshdy/Work/projects/DEVFLOW_PRO/vendor/laravel/framework/src/Illuminate/Container/BoundMethod.php:35
/home/roshdy/Work/projects/DEVFLOW_PRO/vendor/laravel/framework/src/Illuminate/Container/Container.php:836
/home/roshdy/Work/projects/DEVFLOW_PRO/vendor/laravel/framework/src/Illuminate/Console/Command.php:211
/home/roshdy/Work/projects/DEVFLOW_PRO/vendor/symfony/console/Command/Command.php:318
/home/roshdy/Work/projects/DEVFLOW_PRO/vendor/laravel/framework/src/Illuminate/Console/Command.php:180
/home/roshdy/Work/projects/DEVFLOW_PRO/vendor/laravel/framework/src/Illuminate/Console/Concerns/CallsCommands.php:68
/home/roshdy/Work/projects/DEVFLOW_PRO/vendor/laravel/framework/src/Illuminate/Console/Concerns/CallsCommands.php:29
/home/roshdy/Work/projects/DEVFLOW_PRO/vendor/laravel/framework/src/Illuminate/Database/Console/Migrations/FreshCommand.php:81
/home/roshdy/Work/projects/DEVFLOW_PRO/vendor/laravel/framework/src/Illuminate/Container/BoundMethod.php:36
/home/roshdy/Work/projects/DEVFLOW_PRO/vendor/laravel/framework/src/Illuminate/Container/Util.php:43
/home/roshdy/Work/projects/DEVFLOW_PRO/vendor/laravel/framework/src/Illuminate/Container/BoundMethod.php:96
/home/roshdy/Work/projects/DEVFLOW_PRO/vendor/laravel/framework/src/Illuminate/Container/BoundMethod.php:35
/home/roshdy/Work/projects/DEVFLOW_PRO/vendor/laravel/framework/src/Illuminate/Container/Container.php:836
/home/roshdy/Work/projects/DEVFLOW_PRO/vendor/laravel/framework/src/Illuminate/Console/Command.php:211
/home/roshdy/Work/projects/DEVFLOW_PRO/vendor/symfony/console/Command/Command.php:318
/home/roshdy/Work/projects/DEVFLOW_PRO/vendor/laravel/framework/src/Illuminate/Console/Command.php:180
/home/roshdy/Work/projects/DEVFLOW_PRO/vendor/symfony/console/Application.php:1055
/home/roshdy/Work/projects/DEVFLOW_PRO/vendor/symfony/console/Application.php:356
/home/roshdy/Work/projects/DEVFLOW_PRO/vendor/symfony/console/Application.php:195
/home/roshdy/Work/projects/DEVFLOW_PRO/vendor/laravel/framework/src/Illuminate/Console/Application.php:165
/home/roshdy/Work/projects/DEVFLOW_PRO/vendor/laravel/framework/src/Illuminate/Foundation/Console/Kernel.php:426
/home/roshdy/Work/projects/DEVFLOW_PRO/vendor/laravel/framework/src/Illuminate/Testing/PendingCommand.php:451
/home/roshdy/Work/projects/DEVFLOW_PRO/vendor/laravel/framework/src/Illuminate/Testing/PendingCommand.php:675
/home/roshdy/Work/projects/DEVFLOW_PRO/vendor/laravel/framework/src/Illuminate/Foundation/Testing/Concerns/InteractsWithConsole.php:87
/home/roshdy/Work/projects/DEVFLOW_PRO/vendor/laravel/framework/src/Illuminate/Foundation/Testing/RefreshDatabase.php:101
/home/roshdy/Work/projects/DEVFLOW_PRO/vendor/laravel/framework/src/Illuminate/Foundation/Testing/RefreshDatabase.php:84
/home/roshdy/Work/projects/DEVFLOW_PRO/vendor/laravel/framework/src/Illuminate/Foundation/Testing/RefreshDatabase.php:25
/home/roshdy/Work/projects/DEVFLOW_PRO/vendor/laravel/framework/src/Illuminate/Foundation/Testing/Concerns/InteractsWithTestCaseLifecycle.php:209
/home/roshdy/Work/projects/DEVFLOW_PRO/vendor/laravel/framework/src/Illuminate/Foundation/Testing/Concerns/InteractsWithTestCaseLifecycle.php:97
/home/roshdy/Work/projects/DEVFLOW_PRO/vendor/laravel/framework/src/Illuminate/Foundation/Testing/TestCase.php:44
/home/roshdy/Work/projects/DEVFLOW_PRO/tests/TestCase.php:18
/home/roshdy/Work/projects/DEVFLOW_PRO/tests/Feature/ServerManagementTest.php:21</error>
        </testcase>
      </testsuite>
    </testsuite>
  </testsuite>
</testsuites>
